\BOOKMARK [1][-]{section.1}{\376\377\000R\000e\000v\000i\000e\000w\000:\000\040\000d\000i\000f\000f\000e\000r\000e\000n\000t\000i\000a\000t\000i\000o\000n\000\040\000a\000n\000d\000\040\000i\000n\000t\000e\000g\000r\000a\000t\000i\000o\000n}{}% 1
\BOOKMARK [2][-]{subsection.1.1}{\376\377\000D\000i\000f\000f\000e\000r\000e\000n\000t\000i\000a\000t\000i\000o\000n}{section.1}% 2
\BOOKMARK [2][-]{subsection.1.2}{\376\377\000B\000i\000g\000-\000O\000\040\000n\000o\000t\000a\000t\000i\000o\000n}{section.1}% 3
\BOOKMARK [2][-]{subsection.1.3}{\376\377\000P\000r\000o\000p\000o\000s\000i\000t\000i\000o\000n\000s\000\040\000a\000n\000d\000\040\000t\000h\000e\000o\000r\000e\000m\000s}{section.1}% 4
\BOOKMARK [2][-]{subsection.1.4}{\376\377\000I\000n\000t\000e\000g\000r\000a\000t\000i\000o\000n}{section.1}% 5
\BOOKMARK [2][-]{subsection.1.5}{\376\377\000P\000a\000r\000t\000i\000a\000l\000\040\000d\000i\000f\000f\000e\000r\000e\000n\000t\000i\000a\000t\000i\000o\000n}{section.1}% 6
\BOOKMARK [2][-]{subsection.1.6}{\376\377\000E\000x\000a\000m\000p\000l\000e\000\040\000S\000h\000e\000e\000t\000\040\000P\000r\000o\000b\000l\000e\000m\000s}{section.1}% 7
\BOOKMARK [1][-]{section.2}{\376\377\000F\000i\000r\000s\000t\000-\000o\000r\000d\000e\000r\000\040\000d\000i\000f\000f\000e\000r\000e\000n\000t\000i\000a\000l\000\040\000e\000q\000u\000a\000t\000i\000o\000n\000s}{}% 8
\BOOKMARK [2][-]{subsection.2.1}{\376\377\000T\000h\000e\000\040\000e\000x\000p\000o\000n\000e\000n\000t\000i\000a\000l\000\040\000f\000u\000n\000c\000t\000i\000o\000n}{section.2}% 9
\BOOKMARK [2][-]{subsection.2.2}{\376\377\000D\000e\000f\000i\000n\000i\000n\000g\000\040\000a\000n\000d\000\040\000c\000l\000a\000s\000s\000i\000f\000y\000i\000n\000g\000\040\000d\000i\000f\000f\000e\000r\000e\000n\000t\000i\000a\000l\000\040\000e\000q\000u\000a\000t\000i\000o\000n\000s}{section.2}% 10
\BOOKMARK [2][-]{subsection.2.3}{\376\377\000H\000o\000m\000o\000g\000e\000n\000e\000o\000u\000s\000\040\000l\000i\000n\000e\000a\000r\000\040\000O\000D\000E\000s}{section.2}% 11
\BOOKMARK [2][-]{subsection.2.4}{\376\377\000I\000n\000h\000o\000m\000o\000g\000e\000n\000e\000o\000u\000s\000\040\000e\000q\000u\000a\000t\000i\000o\000n\000s}{section.2}% 12
\BOOKMARK [2][-]{subsection.2.5}{\376\377\000N\000o\000n\000-\000c\000o\000n\000s\000t\000a\000n\000t\000\040\000c\000o\000e\000f\000f\000i\000c\000i\000e\000n\000t\000s}{section.2}% 13
\BOOKMARK [2][-]{subsection.2.6}{\376\377\000N\000o\000n\000-\000l\000i\000n\000e\000a\000r\000\040\000e\000q\000u\000a\000t\000i\000o\000n\000s}{section.2}% 14
\BOOKMARK [2][-]{subsection.2.7}{\376\377\000S\000o\000l\000u\000t\000i\000o\000n\000\040\000c\000u\000r\000v\000e\000s\000\040\000a\000n\000d\000\040\000t\000r\000a\000j\000e\000c\000t\000o\000r\000i\000e\000s}{section.2}% 15
\BOOKMARK [2][-]{subsection.2.8}{\376\377\000E\000q\000u\000i\000l\000i\000b\000r\000i\000u\000m\000\040\000p\000o\000i\000n\000t\000s\000\040\000a\000n\000d\000\040\000s\000t\000a\000b\000i\000l\000i\000t\000y}{section.2}% 16
\BOOKMARK [3][-]{subsubsection.2.8.1}{\376\377\000A\000u\000t\000o\000n\000o\000m\000o\000u\000s\000\040\000s\000y\000s\000t\000e\000m\000s}{subsection.2.8}% 17
\BOOKMARK [3][-]{subsubsection.2.8.2}{\376\377\000C\000h\000e\000m\000i\000c\000a\000l\000\040\000k\000i\000n\000e\000t\000i\000c\000s}{subsection.2.8}% 18
\BOOKMARK [3][-]{subsubsection.2.8.3}{\376\377\000P\000o\000p\000u\000l\000a\000t\000i\000o\000n\000\040\000l\000o\000g\000i\000s\000t\000i\000c\000\040\000e\000q\000u\000a\000t\000i\000o\000n}{subsection.2.8}% 19
\BOOKMARK [2][-]{subsection.2.9}{\376\377\000D\000i\000f\000f\000e\000r\000e\000n\000c\000e\000\040\000e\000q\000u\000a\000t\000i\000o\000n\000s}{section.2}% 20
\BOOKMARK [2][-]{subsection.2.10}{\376\377\000E\000x\000a\000m\000p\000l\000e\000\040\000s\000h\000e\000e\000t\000\040\000p\000r\000o\000b\000l\000e\000m\000s}{section.2}% 21
\BOOKMARK [1][-]{section.3}{\376\377\000S\000e\000c\000o\000n\000d\000-\000o\000r\000d\000e\000r\000\040\000d\000i\000f\000f\000e\000r\000e\000n\000t\000i\000a\000l\000\040\000e\000q\000u\000a\000t\000i\000o\000n\000s}{}% 22
\BOOKMARK [2][-]{subsection.3.1}{\376\377\000C\000o\000n\000s\000t\000a\000n\000t\000\040\000c\000o\000e\000f\000f\000i\000c\000i\000e\000n\000t\000s}{section.3}% 23
\BOOKMARK [3][-]{subsubsection.3.1.1}{\376\377\000C\000o\000m\000p\000l\000e\000m\000e\000n\000t\000a\000r\000y\000\040\000f\000u\000n\000c\000t\000i\000o\000n\000s}{subsection.3.1}% 24
\BOOKMARK [2][-]{subsection.3.2}{\376\377\000T\000h\000e\000\040\000W\000r\000o\000n\000s\000k\000i\000a\000n}{section.3}% 25
\BOOKMARK [2][-]{subsection.3.3}{\376\377\000N\000o\000n\000h\000o\000m\000o\000g\000e\000n\000e\000o\000u\000s\000\040\000D\000i\000f\000f\000e\000r\000e\000n\000t\000i\000a\000l\000\040\000E\000q\000u\000a\000t\000i\000o\000n\000s}{section.3}% 26
\BOOKMARK [2][-]{subsection.3.4}{\376\377\000L\000i\000n\000e\000a\000r\000\040\000e\000q\000u\000i\000d\000i\000m\000e\000n\000s\000i\000o\000n\000a\000l\000\040\000e\000q\000u\000a\000t\000i\000o\000n\000s}{section.3}% 27
\BOOKMARK [2][-]{subsection.3.5}{\376\377\000S\000e\000c\000o\000n\000d\000-\000o\000r\000d\000e\000r\000\040\000d\000i\000f\000f\000e\000r\000e\000n\000c\000e\000\040\000e\000q\000u\000a\000t\000i\000o\000n\000s}{section.3}% 28
\BOOKMARK [2][-]{subsection.3.6}{\376\377\000P\000h\000y\000s\000i\000c\000a\000l\000\040\000s\000y\000s\000t\000e\000m\000s\000:\000\040\000v\000i\000b\000r\000a\000t\000i\000o\000n\000s\000,\000\040\000t\000r\000a\000n\000s\000i\000e\000n\000t\000s\000\040\000a\000n\000d\000\040\000d\000a\000m\000p\000i\000n\000g}{section.3}% 29
\BOOKMARK [3][-]{subsubsection.3.6.1}{\376\377\000U\000n\000d\000a\000m\000p\000e\000d\000\040\000f\000r\000e\000e\000\040\000v\000i\000b\000r\000a\000t\000i\000o\000n\000s}{subsection.3.6}% 30
\BOOKMARK [3][-]{subsubsection.3.6.2}{\376\377\000D\000a\000m\000p\000e\000d\000\040\000f\000r\000e\000e\000\040\000v\000i\000b\000r\000a\000t\000i\000o\000n\000s}{subsection.3.6}% 31
\BOOKMARK [3][-]{subsubsection.3.6.3}{\376\377\000F\000o\000r\000c\000e\000d\000\040\000v\000i\000b\000r\000a\000t\000i\000o\000n\000s}{subsection.3.6}% 32
\BOOKMARK [3][-]{subsubsection.3.6.4}{\376\377\000R\000e\000s\000o\000n\000a\000n\000c\000e}{subsection.3.6}% 33
\BOOKMARK [2][-]{subsection.3.7}{\376\377\000I\000m\000p\000u\000l\000s\000e\000\040\000f\000u\000n\000c\000t\000i\000o\000n\000s}{section.3}% 34
\BOOKMARK [2][-]{subsection.3.8}{\376\377\000E\000x\000a\000m\000p\000l\000e\000\040\000s\000h\000e\000e\000t\000\040\000p\000r\000o\000b\000l\000e\000m\000s}{section.3}% 35
\BOOKMARK [1][-]{section.4}{\376\377\000S\000e\000r\000i\000e\000s\000\040\000s\000o\000l\000u\000t\000i\000o\000n\000s\000\040\000t\000o\000\040\000d\000i\000f\000f\000e\000r\000e\000n\000t\000i\000a\000l\000\040\000e\000q\000u\000a\000t\000i\000o\000n\000s}{}% 36
\BOOKMARK [2][-]{subsubsection.4.0.1}{\376\377\000R\000e\000s\000o\000n\000a\000n\000c\000e\000\040\000o\000f\000\040\000s\000o\000l\000u\000t\000i\000o\000n\000s}{section.4}% 37
\BOOKMARK [1][-]{section.5}{\376\377\000M\000u\000l\000t\000i\000v\000a\000r\000i\000a\000t\000e\000\040\000d\000i\000f\000f\000e\000r\000e\000n\000t\000i\000a\000l\000\040\000e\000q\000u\000a\000t\000i\000o\000n\000s}{}% 38
\BOOKMARK [2][-]{subsection.5.1}{\376\377\000D\000i\000r\000e\000c\000t\000i\000o\000n\000a\000l\000\040\000d\000e\000r\000i\000v\000a\000t\000i\000v\000e\000s}{section.5}% 39
\BOOKMARK [2][-]{subsection.5.2}{\376\377\000S\000t\000a\000t\000i\000o\000n\000a\000r\000y\000\040\000p\000o\000i\000n\000t\000s\000\040\000o\000f\000\040\000m\000u\000l\000t\000i\000v\000a\000r\000i\000a\000t\000e\000\040\000f\000u\000n\000c\000t\000i\000o\000n\000s}{section.5}% 40
\BOOKMARK [2][-]{subsection.5.3}{\376\377\000T\000a\000y\000l\000o\000r\000\040\000s\000e\000r\000i\000e\000s\000\040\000f\000o\000r\000\040\000m\000u\000l\000t\000i\000v\000a\000r\000i\000a\000t\000e\000\040\000f\000u\000n\000c\000t\000i\000o\000n\000s}{section.5}% 41
\BOOKMARK [2][-]{subsection.5.4}{\376\377\000C\000l\000a\000s\000s\000i\000f\000i\000c\000a\000t\000i\000o\000n\000\040\000o\000f\000\040\000m\000u\000l\000t\000i\000v\000a\000r\000i\000a\000t\000e\000\040\000s\000t\000a\000t\000i\000o\000n\000a\000r\000y\000\040\000p\000o\000i\000n\000t\000s}{section.5}% 42
\BOOKMARK [1][-]{section.6}{\376\377\000S\000y\000s\000t\000e\000m\000s\000\040\000o\000f\000\040\000d\000i\000f\000f\000e\000r\000e\000n\000t\000i\000a\000l\000\040\000e\000q\000u\000a\000t\000i\000o\000n\000s}{}% 43
\BOOKMARK [2][-]{subsection.6.1}{\376\377\000L\000i\000n\000e\000a\000r\000\040\000s\000y\000s\000t\000e\000m\000s\000\040\000o\000f\000\040\000d\000i\000f\000f\000e\000r\000e\000n\000t\000i\000a\000l\000\040\000e\000q\000u\000a\000t\000i\000o\000n\000s}{section.6}% 44
\BOOKMARK [3][-]{subsubsection.6.1.1}{\376\377\000T\000r\000a\000n\000s\000f\000o\000r\000m\000i\000n\000g\000\040\000h\000i\000g\000h\000e\000r\000-\000o\000r\000d\000e\000r\000\040\000d\000i\000f\000f\000e\000r\000e\000n\000t\000i\000a\000l\000\040\000e\000q\000u\000a\000t\000i\000o\000n\000s\000\040\000i\000n\000t\000o\000\040\000s\000y\000s\000t\000e\000m\000s}{subsection.6.1}% 45
\BOOKMARK [3][-]{subsubsection.6.1.2}{\376\377\000E\000i\000g\000e\000n\000v\000a\000l\000u\000e\000\040\000s\000o\000l\000u\000t\000i\000o\000n\000s\000\040\000t\000o\000\040\000s\000y\000s\000t\000e\000m\000s\000\040\000o\000f\000\040\000d\000i\000f\000f\000e\000r\000e\000n\000t\000i\000a\000l\000\040\000e\000q\000u\000a\000t\000i\000o\000n\000s}{subsection.6.1}% 46
\BOOKMARK [3][-]{subsubsection.6.1.3}{\376\377\000P\000h\000a\000s\000e\000-\000p\000o\000r\000t\000r\000a\000i\000t\000\040\000a\000n\000a\000l\000y\000s\000i\000s\000\040\000o\000f\000\040\000l\000i\000n\000e\000a\000r\000\040\000s\000y\000s\000t\000e\000m\000s}{subsection.6.1}% 47
\BOOKMARK [2][-]{subsection.6.2}{\376\377\000N\000o\000n\000l\000i\000n\000e\000a\000r\000\040\000d\000y\000n\000a\000m\000i\000c\000a\000l\000\040\000s\000y\000s\000t\000e\000m\000s}{section.6}% 48
\BOOKMARK [1][-]{section.7}{\376\377\000P\000a\000r\000t\000i\000a\000l\000\040\000d\000i\000f\000f\000e\000r\000e\000n\000t\000i\000a\000l\000\040\000e\000q\000u\000a\000t\000i\000o\000n\000s}{}% 49
\BOOKMARK [2][-]{subsubsection.7.0.1}{\376\377\000T\000h\000e\000\040\000t\000r\000a\000n\000s\000p\000o\000r\000t\000\040\000e\000q\000u\000a\000t\000i\000o\000n}{section.7}% 50
\BOOKMARK [3][-]{subsubsection.7.0.2}{\376\377\000T\000h\000e\000\040\000w\000a\000v\000e\000\040\000e\000q\000u\000a\000t\000i\000o\000n}{subsubsection.7.0.1}% 51
\BOOKMARK [3][-]{subsubsection.7.0.3}{\376\377\000T\000h\000e\000\040\000h\000e\000a\000t\000\040\000e\000q\000u\000a\000t\000i\000o\000n}{subsubsection.7.0.1}% 52
