This is pdfTeX, Version 3.141592653-2.6-1.40.26 (MiKTeX 24.4) (preloaded format=pdflatex 2024.6.28)  26 JAN 2025 16:23
entering extended mode
 restricted \write18 enabled.
 file:line:error style messages enabled.
 %&-line parsing enabled.
**"c:/Users/turbo/Documents/Math notes/Differential equations/Differential equations.tex"
(c:/Users/turbo/Documents/Math notes/Differential equations/Differential equations.tex
LaTeX2e <2024-06-01> patch level 1
L3 programming layer <2024-05-27>
(C:\Users\turbo\AppData\Local\Programs\MiKTeX\tex/latex/base\article.cls
Document Class: article 2024/02/08 v1.4n Standard LaTeX document class
(C:\Users\turbo\AppData\Local\Programs\MiKTeX\tex/latex/base\size10.clo
File: size10.clo 2024/02/08 v1.4n Standard LaTeX file (size option)
)
\c@part=\count194
\c@section=\count195
\c@subsection=\count196
\c@subsubsection=\count197
\c@paragraph=\count198
\c@subparagraph=\count199
\c@figure=\count266
\c@table=\count267
\abovecaptionskip=\skip49
\belowcaptionskip=\skip50
\bibindent=\dimen141
) (C:\Users\turbo\AppData\Local\Programs\MiKTeX\tex/latex/amsmath\amsmath.sty
Package: amsmath 2024/05/23 v2.17q AMS math features
\@mathmargin=\skip51

For additional information on amsmath, use the `?' option.
(C:\Users\turbo\AppData\Local\Programs\MiKTeX\tex/latex/amsmath\amstext.sty
Package: amstext 2021/08/26 v2.01 AMS text
 (C:\Users\turbo\AppData\Local\Programs\MiKTeX\tex/latex/amsmath\amsgen.sty
File: amsgen.sty 1999/11/30 v2.0 generic functions
\@emptytoks=\toks17
\ex@=\dimen142
)) (C:\Users\turbo\AppData\Local\Programs\MiKTeX\tex/latex/amsmath\amsbsy.sty
Package: amsbsy 1999/11/29 v1.2d Bold Symbols
\pmbraise@=\dimen143
) (C:\Users\turbo\AppData\Local\Programs\MiKTeX\tex/latex/amsmath\amsopn.sty
Package: amsopn 2022/04/08 v2.04 operator names
)
\inf@bad=\count268
LaTeX Info: Redefining \frac on input line 233.
\uproot@=\count269
\leftroot@=\count270
LaTeX Info: Redefining \overline on input line 398.
LaTeX Info: Redefining \colon on input line 409.
\classnum@=\count271
\DOTSCASE@=\count272
LaTeX Info: Redefining \ldots on input line 495.
LaTeX Info: Redefining \dots on input line 498.
LaTeX Info: Redefining \cdots on input line 619.
\Mathstrutbox@=\box52
\strutbox@=\box53
LaTeX Info: Redefining \big on input line 721.
LaTeX Info: Redefining \Big on input line 722.
LaTeX Info: Redefining \bigg on input line 723.
LaTeX Info: Redefining \Bigg on input line 724.
\big@size=\dimen144
LaTeX Font Info:    Redeclaring font encoding OML on input line 742.
LaTeX Font Info:    Redeclaring font encoding OMS on input line 743.
\macc@depth=\count273
LaTeX Info: Redefining \bmod on input line 904.
LaTeX Info: Redefining \pmod on input line 909.
LaTeX Info: Redefining \smash on input line 939.
LaTeX Info: Redefining \relbar on input line 969.
LaTeX Info: Redefining \Relbar on input line 970.
\c@MaxMatrixCols=\count274
\dotsspace@=\muskip17
\c@parentequation=\count275
\dspbrk@lvl=\count276
\tag@help=\toks18
\row@=\count277
\column@=\count278
\maxfields@=\count279
\andhelp@=\toks19
\eqnshift@=\dimen145
\alignsep@=\dimen146
\tagshift@=\dimen147
\tagwidth@=\dimen148
\totwidth@=\dimen149
\lineht@=\dimen150
\@envbody=\toks20
\multlinegap=\skip52
\multlinetaggap=\skip53
\mathdisplay@stack=\toks21
LaTeX Info: Redefining \[ on input line 2953.
LaTeX Info: Redefining \] on input line 2954.
) (C:\Users\turbo\AppData\Local\Programs\MiKTeX\tex/latex/amscls\amsthm.sty
Package: amsthm 2020/05/29 v2.20.6
\thm@style=\toks22
\thm@bodyfont=\toks23
\thm@headfont=\toks24
\thm@notefont=\toks25
\thm@headpunct=\toks26
\thm@preskip=\skip54
\thm@postskip=\skip55
\thm@headsep=\skip56
\dth@everypar=\toks27
) (C:\Users\turbo\AppData\Local\Programs\MiKTeX\tex/latex/amsfonts\amssymb.sty
Package: amssymb 2013/01/14 v3.01 AMS font symbols
 (C:\Users\turbo\AppData\Local\Programs\MiKTeX\tex/latex/amsfonts\amsfonts.sty
Package: amsfonts 2013/01/14 v3.01 Basic AMSFonts support
\symAMSa=\mathgroup4
\symAMSb=\mathgroup5
LaTeX Font Info:    Redeclaring math symbol \hbar on input line 98.
LaTeX Font Info:    Overwriting math alphabet `\mathfrak' in version `bold'
(Font)                  U/euf/m/n --> U/euf/b/n on input line 106.
)) (C:\Users\turbo\AppData\Local\Programs\MiKTeX\tex/latex/thmtools\thmtools.sty
Package: thmtools 2023/05/04 v0.76
\thmt@toks=\toks28
\c@thmt@dummyctr=\count280
 (C:\Users\turbo\AppData\Local\Programs\MiKTeX\tex/latex/thmtools\thm-patch.sty
Package: thm-patch 2023/05/04 v0.76
 (C:\Users\turbo\AppData\Local\Programs\MiKTeX\tex/latex/thmtools\parseargs.sty
Package: parseargs 2023/05/04 v0.76
\@parsespec=\toks29
)) (C:\Users\turbo\AppData\Local\Programs\MiKTeX\tex/latex/thmtools\thm-kv.sty
Package: thm-kv 2023/05/04 v0.76
Package thm-kv Info: Theorem names will be uppercased on input line 42.
 (C:\Users\turbo\AppData\Local\Programs\MiKTeX\tex/latex/graphics\keyval.sty
Package: keyval 2022/05/29 v1.15 key=value parser (DPC)
\KV@toks@=\toks30
) (C:\Users\turbo\AppData\Local\Programs\MiKTeX\tex/latex/kvsetkeys\kvsetkeys.sty
Package: kvsetkeys 2022-10-05 v1.19 Key value parser (HO)
)
Package thm-kv Info: kvsetkeys patch (v1.16 or later) on input line 158.
) (C:\Users\turbo\AppData\Local\Programs\MiKTeX\tex/latex/thmtools\thm-autoref.sty
Package: thm-autoref 2023/05/04 v0.76
 (C:\Users\turbo\AppData\Local\Programs\MiKTeX\tex/latex/thmtools\aliasctr.sty
Package: aliasctr 2023/05/04 v0.76
)) (C:\Users\turbo\AppData\Local\Programs\MiKTeX\tex/latex/thmtools\thm-listof.sty
Package: thm-listof 2023/05/04 v0.76
) (C:\Users\turbo\AppData\Local\Programs\MiKTeX\tex/latex/thmtools\thm-restate.sty
Package: thm-restate 2023/05/04 v0.76
) (C:\Users\turbo\AppData\Local\Programs\MiKTeX\tex/latex/thmtools\thm-amsthm.sty
Package: thm-amsthm 2023/05/04 v0.76
\thmt@style@headstyle=\toks31
)) (C:\Users\turbo\AppData\Local\Programs\MiKTeX\tex/latex/graphics\graphicx.sty
Package: graphicx 2021/09/16 v1.2d Enhanced LaTeX Graphics (DPC,SPQR)
 (C:\Users\turbo\AppData\Local\Programs\MiKTeX\tex/latex/graphics\graphics.sty
Package: graphics 2024/05/23 v1.4g Standard LaTeX Graphics (DPC,SPQR)
 (C:\Users\turbo\AppData\Local\Programs\MiKTeX\tex/latex/graphics\trig.sty
Package: trig 2023/12/02 v1.11 sin cos tan (DPC)
) (C:\Users\turbo\AppData\Local\Programs\MiKTeX\tex/latex/graphics-cfg\graphics.cfg
File: graphics.cfg 2016/06/04 v1.11 sample graphics configuration
)
Package graphics Info: Driver file: pdftex.def on input line 106.
 (C:\Users\turbo\AppData\Local\Programs\MiKTeX\tex/latex/graphics-def\pdftex.def
File: pdftex.def 2024/04/13 v1.2c Graphics/color driver for pdftex
))
\Gin@req@height=\dimen151
\Gin@req@width=\dimen152
) (C:\Users\turbo\AppData\Local\Programs\MiKTeX\tex/latex/setspace\setspace.sty
Package: setspace 2022/12/04 v6.7b set line spacing
) (C:\Users\turbo\AppData\Local\Programs\MiKTeX\tex/latex/geometry\geometry.sty
Package: geometry 2020/01/02 v5.9 Page Geometry
 (C:\Users\turbo\AppData\Local\Programs\MiKTeX\tex/generic/iftex\ifvtex.sty
Package: ifvtex 2019/10/25 v1.7 ifvtex legacy package. Use iftex instead.
 (C:\Users\turbo\AppData\Local\Programs\MiKTeX\tex/generic/iftex\iftex.sty
Package: iftex 2022/02/03 v1.0f TeX engine tests
))
\Gm@cnth=\count281
\Gm@cntv=\count282
\c@Gm@tempcnt=\count283
\Gm@bindingoffset=\dimen153
\Gm@wd@mp=\dimen154
\Gm@odd@mp=\dimen155
\Gm@even@mp=\dimen156
\Gm@layoutwidth=\dimen157
\Gm@layoutheight=\dimen158
\Gm@layouthoffset=\dimen159
\Gm@layoutvoffset=\dimen160
\Gm@dimlist=\toks32
 (C:\Users\turbo\AppData\Local\Programs\MiKTeX\tex/latex/geometry\geometry.cfg)) (C:\Users\turbo\AppData\Local\Programs\MiKTeX\tex/latex/float\float.sty
Package: float 2001/11/08 v1.3d Float enhancements (AL)
\c@float@type=\count284
\float@exts=\toks33
\float@box=\box54
\@float@everytoks=\toks34
\@floatcapt=\box55
) (C:\Users\turbo\AppData\Local\Programs\MiKTeX\tex/latex/hyperref\hyperref.sty
Package: hyperref 2024-05-23 v7.01i Hypertext links for LaTeX
 (C:\Users\turbo\AppData\Local\Programs\MiKTeX\tex/generic/kvdefinekeys\kvdefinekeys.sty
Package: kvdefinekeys 2019-12-19 v1.6 Define keys (HO)
) (C:\Users\turbo\AppData\Local\Programs\MiKTeX\tex/generic/pdfescape\pdfescape.sty
Package: pdfescape 2019/12/09 v1.15 Implements pdfTeX's escape features (HO)
 (C:\Users\turbo\AppData\Local\Programs\MiKTeX\tex/generic/ltxcmds\ltxcmds.sty
Package: ltxcmds 2023-12-04 v1.26 LaTeX kernel commands for general use (HO)
) (C:\Users\turbo\AppData\Local\Programs\MiKTeX\tex/generic/pdftexcmds\pdftexcmds.sty
Package: pdftexcmds 2020-06-27 v0.33 Utility functions of pdfTeX for LuaTeX (HO)
 (C:\Users\turbo\AppData\Local\Programs\MiKTeX\tex/generic/infwarerr\infwarerr.sty
Package: infwarerr 2019/12/03 v1.5 Providing info/warning/error messages (HO)
)
Package pdftexcmds Info: \pdf@primitive is available.
Package pdftexcmds Info: \pdf@ifprimitive is available.
Package pdftexcmds Info: \pdfdraftmode found.
)) (C:\Users\turbo\AppData\Local\Programs\MiKTeX\tex/latex/hycolor\hycolor.sty
Package: hycolor 2020-01-27 v1.10 Color options for hyperref/bookmark (HO)
) (C:\Users\turbo\AppData\Local\Programs\MiKTeX\tex/latex/hyperref\nameref.sty
Package: nameref 2023-11-26 v2.56 Cross-referencing by name of section
 (C:\Users\turbo\AppData\Local\Programs\MiKTeX\tex/latex/refcount\refcount.sty
Package: refcount 2019/12/15 v3.6 Data extraction from label references (HO)
) (C:\Users\turbo\AppData\Local\Programs\MiKTeX\tex/generic/gettitlestring\gettitlestring.sty
Package: gettitlestring 2019/12/15 v1.6 Cleanup title references (HO)
 (C:\Users\turbo\AppData\Local\Programs\MiKTeX\tex/latex/kvoptions\kvoptions.sty
Package: kvoptions 2022-06-15 v3.15 Key value format for package options (HO)
))
\c@section@level=\count285
) (C:\Users\turbo\AppData\Local\Programs\MiKTeX\tex/latex/etoolbox\etoolbox.sty
Package: etoolbox 2020/10/05 v2.5k e-TeX tools for LaTeX (JAW)
\etb@tempcnta=\count286
) (C:\Users\turbo\AppData\Local\Programs\MiKTeX\tex/generic/stringenc\stringenc.sty
Package: stringenc 2019/11/29 v1.12 Convert strings between diff. encodings (HO)
)
\@linkdim=\dimen161
\Hy@linkcounter=\count287
\Hy@pagecounter=\count288
 (C:\Users\turbo\AppData\Local\Programs\MiKTeX\tex/latex/hyperref\pd1enc.def
File: pd1enc.def 2024-05-23 v7.01i Hyperref: PDFDocEncoding definition (HO)
Now handling font encoding PD1 ...
... no UTF-8 mapping file for font encoding PD1
) (C:\Users\turbo\AppData\Local\Programs\MiKTeX\tex/generic/intcalc\intcalc.sty
Package: intcalc 2019/12/15 v1.3 Expandable calculations with integers (HO)
)
\Hy@SavedSpaceFactor=\count289
 (C:\Users\turbo\AppData\Local\Programs\MiKTeX\tex/latex/hyperref\puenc.def
File: puenc.def 2024-05-23 v7.01i Hyperref: PDF Unicode definition (HO)
Now handling font encoding PU ...
... no UTF-8 mapping file for font encoding PU
)
Package hyperref Info: Hyper figures OFF on input line 4157.
Package hyperref Info: Link nesting OFF on input line 4162.
Package hyperref Info: Hyper index ON on input line 4165.
Package hyperref Info: Plain pages OFF on input line 4172.
Package hyperref Info: Backreferencing OFF on input line 4177.
Package hyperref Info: Implicit mode ON; LaTeX internals redefined.
Package hyperref Info: Bookmarks ON on input line 4424.
\c@Hy@tempcnt=\count290
 (C:\Users\turbo\AppData\Local\Programs\MiKTeX\tex/latex/url\url.sty
\Urlmuskip=\muskip18
Package: url 2013/09/16  ver 3.4  Verb mode for urls, etc.
)
LaTeX Info: Redefining \url on input line 4763.
\XeTeXLinkMargin=\dimen162
 (C:\Users\turbo\AppData\Local\Programs\MiKTeX\tex/generic/bitset\bitset.sty
Package: bitset 2019/12/09 v1.3 Handle bit-vector datatype (HO)
 (C:\Users\turbo\AppData\Local\Programs\MiKTeX\tex/generic/bigintcalc\bigintcalc.sty
Package: bigintcalc 2019/12/15 v1.5 Expandable calculations on big integers (HO)
))
\Fld@menulength=\count291
\Field@Width=\dimen163
\Fld@charsize=\dimen164
Package hyperref Info: Hyper figures OFF on input line 6042.
Package hyperref Info: Link nesting OFF on input line 6047.
Package hyperref Info: Hyper index ON on input line 6050.
Package hyperref Info: backreferencing OFF on input line 6057.
Package hyperref Info: Link coloring OFF on input line 6062.
Package hyperref Info: Link coloring with OCG OFF on input line 6067.
Package hyperref Info: PDF/A mode OFF on input line 6072.
 (C:\Users\turbo\AppData\Local\Programs\MiKTeX\tex/latex/base\atbegshi-ltx.sty
Package: atbegshi-ltx 2021/01/10 v1.0c Emulation of the original atbegshi
package with kernel methods
)
\Hy@abspage=\count292
\c@Item=\count293
\c@Hfootnote=\count294
)
Package hyperref Info: Driver (autodetected): hpdftex.
 (C:\Users\turbo\AppData\Local\Programs\MiKTeX\tex/latex/hyperref\hpdftex.def
File: hpdftex.def 2024-05-23 v7.01i Hyperref driver for pdfTeX
 (C:\Users\turbo\AppData\Local\Programs\MiKTeX\tex/latex/base\atveryend-ltx.sty
Package: atveryend-ltx 2020/08/19 v1.0a Emulation of the original atveryend package
with kernel methods
)
\Fld@listcount=\count295
\c@bookmark@seq@number=\count296
 (C:\Users\turbo\AppData\Local\Programs\MiKTeX\tex/latex/rerunfilecheck\rerunfilecheck.sty
Package: rerunfilecheck 2022-07-10 v1.10 Rerun checks for auxiliary files (HO)
 (C:\Users\turbo\AppData\Local\Programs\MiKTeX\tex/generic/uniquecounter\uniquecounter.sty
Package: uniquecounter 2019/12/15 v1.4 Provide unlimited unique counter (HO)
)
Package uniquecounter Info: New unique counter `rerunfilecheck' on input line 285.
)
\Hy@SectionHShift=\skip57
) (C:\Users\turbo\AppData\Local\Programs\MiKTeX\tex/latex/base\inputenc.sty
Package: inputenc 2024/02/08 v1.3d Input encoding file
\inpenc@prehook=\toks35
\inpenc@posthook=\toks36
) (C:\Users\turbo\AppData\Local\Programs\MiKTeX\tex/generic/babel\babel.sty
Package: babel 2024/06/02 v24.6 The Babel package
\babel@savecnt=\count297
\U@D=\dimen165
\l@unhyphenated=\language79
 (C:\Users\turbo\AppData\Local\Programs\MiKTeX\tex/generic/babel\txtbabel.def)
\bbl@readstream=\read2
\bbl@dirlevel=\count298

*************************************
* Local config file bblopts.cfg used
*
(C:\Users\turbo\AppData\Local\Programs\MiKTeX\tex/latex/arabi\bblopts.cfg
File: bblopts.cfg 2005/09/08 v0.1 add Arabic and Farsi to "declared" options of babel
) (C:\Users\turbo\AppData\Local\Programs\MiKTeX\tex/latex/babel-english\english.ldf
Language: english 2017/06/06 v3.3r English support from the babel system
Package babel Info: Hyphen rules for 'canadian' set to \l@english
(babel)             (\language0). Reported on input line 102.
Package babel Info: Hyphen rules for 'australian' set to \l@ukenglish
(babel)             (\language73). Reported on input line 105.
Package babel Info: Hyphen rules for 'newzealand' set to \l@ukenglish
(babel)             (\language73). Reported on input line 108.
)) (C:\Users\turbo\AppData\Local\Programs\MiKTeX\tex/generic/babel/locale/en\babel-english.tex
Package babel Info: Importing font and identification data for english
(babel)             from babel-en.ini. Reported on input line 11.
) (C:\Users\turbo\AppData\Local\Programs\MiKTeX\tex/latex/framed\framed.sty
Package: framed 2011/10/22 v 0.96: framed or shaded text with page breaks
\OuterFrameSep=\skip58
\fb@frw=\dimen166
\fb@frh=\dimen167
\FrameRule=\dimen168
\FrameSep=\dimen169
) (C:\Users\turbo\AppData\Local\Programs\MiKTeX\tex/latex/xcolor\xcolor.sty
Package: xcolor 2023/11/15 v3.01 LaTeX color extensions (UK)
 (C:\Users\turbo\AppData\Local\Programs\MiKTeX\tex/latex/graphics-cfg\color.cfg
File: color.cfg 2016/01/02 v1.6 sample color configuration
)
Package xcolor Info: Driver file: pdftex.def on input line 274.
 (C:\Users\turbo\AppData\Local\Programs\MiKTeX\tex/latex/graphics\mathcolor.ltx)
Package xcolor Info: Model `cmy' substituted by `cmy0' on input line 1350.
Package xcolor Info: Model `hsb' substituted by `rgb' on input line 1354.
Package xcolor Info: Model `RGB' extended on input line 1366.
Package xcolor Info: Model `HTML' substituted by `rgb' on input line 1368.
Package xcolor Info: Model `Hsb' substituted by `hsb' on input line 1369.
Package xcolor Info: Model `tHsb' substituted by `hsb' on input line 1370.
Package xcolor Info: Model `HSB' substituted by `hsb' on input line 1371.
Package xcolor Info: Model `Gray' substituted by `gray' on input line 1372.
Package xcolor Info: Model `wave' substituted by `hsb' on input line 1373.
) (C:\Users\turbo\AppData\Local\Programs\MiKTeX\tex/latex/graphics\dvipsnam.def
File: dvipsnam.def 2016/06/17 v3.0m Driver-dependent file (DPC,SPQR)
) (C:\Users\turbo\AppData\Local\Programs\MiKTeX\tex/latex/tcolorbox\tcolorbox.sty
Package: tcolorbox 2024/01/10 version 6.2.0 text color boxes
 (C:\Users\turbo\AppData\Local\Programs\MiKTeX\tex/latex/pgf/basiclayer\pgf.sty (C:\Users\turbo\AppData\Local\Programs\MiKTeX\tex/latex/pgf/utilities\pgfrcs.sty (C:\Users\turbo\AppData\Local\Programs\MiKTeX\tex/generic/pgf/utilities\pgfutil-common.tex
\pgfutil@everybye=\toks37
\pgfutil@tempdima=\dimen170
\pgfutil@tempdimb=\dimen171
) (C:\Users\turbo\AppData\Local\Programs\MiKTeX\tex/generic/pgf/utilities\pgfutil-latex.def
\pgfutil@abb=\box56
) (C:\Users\turbo\AppData\Local\Programs\MiKTeX\tex/generic/pgf/utilities\pgfrcs.code.tex (C:\Users\turbo\AppData\Local\Programs\MiKTeX\tex/generic/pgf\pgf.revision.tex)
Package: pgfrcs 2023-01-15 v3.1.10 (3.1.10)
))
Package: pgf 2023-01-15 v3.1.10 (3.1.10)
 (C:\Users\turbo\AppData\Local\Programs\MiKTeX\tex/latex/pgf/basiclayer\pgfcore.sty (C:\Users\turbo\AppData\Local\Programs\MiKTeX\tex/latex/pgf/systemlayer\pgfsys.sty (C:\Users\turbo\AppData\Local\Programs\MiKTeX\tex/generic/pgf/systemlayer\pgfsys.code.tex
Package: pgfsys 2023-01-15 v3.1.10 (3.1.10)
 (C:\Users\turbo\AppData\Local\Programs\MiKTeX\tex/generic/pgf/utilities\pgfkeys.code.tex
\pgfkeys@pathtoks=\toks38
\pgfkeys@temptoks=\toks39
 (C:\Users\turbo\AppData\Local\Programs\MiKTeX\tex/generic/pgf/utilities\pgfkeyslibraryfiltered.code.tex
\pgfkeys@tmptoks=\toks40
))
\pgf@x=\dimen172
\pgf@y=\dimen173
\pgf@xa=\dimen174
\pgf@ya=\dimen175
\pgf@xb=\dimen176
\pgf@yb=\dimen177
\pgf@xc=\dimen178
\pgf@yc=\dimen179
\pgf@xd=\dimen180
\pgf@yd=\dimen181
\w@pgf@writea=\write3
\r@pgf@reada=\read3
\c@pgf@counta=\count299
\c@pgf@countb=\count300
\c@pgf@countc=\count301
\c@pgf@countd=\count302
\t@pgf@toka=\toks41
\t@pgf@tokb=\toks42
\t@pgf@tokc=\toks43
\pgf@sys@id@count=\count303
 (C:\Users\turbo\AppData\Local\Programs\MiKTeX\tex/generic/pgf/systemlayer\pgf.cfg
File: pgf.cfg 2023-01-15 v3.1.10 (3.1.10)
)
Driver file for pgf: pgfsys-pdftex.def
 (C:\Users\turbo\AppData\Local\Programs\MiKTeX\tex/generic/pgf/systemlayer\pgfsys-pdftex.def
File: pgfsys-pdftex.def 2023-01-15 v3.1.10 (3.1.10)
 (C:\Users\turbo\AppData\Local\Programs\MiKTeX\tex/generic/pgf/systemlayer\pgfsys-common-pdf.def
File: pgfsys-common-pdf.def 2023-01-15 v3.1.10 (3.1.10)
))) (C:\Users\turbo\AppData\Local\Programs\MiKTeX\tex/generic/pgf/systemlayer\pgfsyssoftpath.code.tex
File: pgfsyssoftpath.code.tex 2023-01-15 v3.1.10 (3.1.10)
\pgfsyssoftpath@smallbuffer@items=\count304
\pgfsyssoftpath@bigbuffer@items=\count305
) (C:\Users\turbo\AppData\Local\Programs\MiKTeX\tex/generic/pgf/systemlayer\pgfsysprotocol.code.tex
File: pgfsysprotocol.code.tex 2023-01-15 v3.1.10 (3.1.10)
)) (C:\Users\turbo\AppData\Local\Programs\MiKTeX\tex/generic/pgf/basiclayer\pgfcore.code.tex
Package: pgfcore 2023-01-15 v3.1.10 (3.1.10)
 (C:\Users\turbo\AppData\Local\Programs\MiKTeX\tex/generic/pgf/math\pgfmath.code.tex (C:\Users\turbo\AppData\Local\Programs\MiKTeX\tex/generic/pgf/math\pgfmathutil.code.tex) (C:\Users\turbo\AppData\Local\Programs\MiKTeX\tex/generic/pgf/math\pgfmathparser.code.tex
\pgfmath@dimen=\dimen182
\pgfmath@count=\count306
\pgfmath@box=\box57
\pgfmath@toks=\toks44
\pgfmath@stack@operand=\toks45
\pgfmath@stack@operation=\toks46
) (C:\Users\turbo\AppData\Local\Programs\MiKTeX\tex/generic/pgf/math\pgfmathfunctions.code.tex) (C:\Users\turbo\AppData\Local\Programs\MiKTeX\tex/generic/pgf/math\pgfmathfunctions.basic.code.tex) (C:\Users\turbo\AppData\Local\Programs\MiKTeX\tex/generic/pgf/math\pgfmathfunctions.trigonometric.code.tex) (C:\Users\turbo\AppData\Local\Programs\MiKTeX\tex/generic/pgf/math\pgfmathfunctions.random.code.tex) (C:\Users\turbo\AppData\Local\Programs\MiKTeX\tex/generic/pgf/math\pgfmathfunctions.comparison.code.tex) (C:\Users\turbo\AppData\Local\Programs\MiKTeX\tex/generic/pgf/math\pgfmathfunctions.base.code.tex) (C:\Users\turbo\AppData\Local\Programs\MiKTeX\tex/generic/pgf/math\pgfmathfunctions.round.code.tex) (C:\Users\turbo\AppData\Local\Programs\MiKTeX\tex/generic/pgf/math\pgfmathfunctions.misc.code.tex) (C:\Users\turbo\AppData\Local\Programs\MiKTeX\tex/generic/pgf/math\pgfmathfunctions.integerarithmetics.code.tex) (C:\Users\turbo\AppData\Local\Programs\MiKTeX\tex/generic/pgf/math\pgfmathcalc.code.tex) (C:\Users\turbo\AppData\Local\Programs\MiKTeX\tex/generic/pgf/math\pgfmathfloat.code.tex
\c@pgfmathroundto@lastzeros=\count307
)) (C:\Users\turbo\AppData\Local\Programs\MiKTeX\tex/generic/pgf/math\pgfint.code.tex) (C:\Users\turbo\AppData\Local\Programs\MiKTeX\tex/generic/pgf/basiclayer\pgfcorepoints.code.tex
File: pgfcorepoints.code.tex 2023-01-15 v3.1.10 (3.1.10)
\pgf@picminx=\dimen183
\pgf@picmaxx=\dimen184
\pgf@picminy=\dimen185
\pgf@picmaxy=\dimen186
\pgf@pathminx=\dimen187
\pgf@pathmaxx=\dimen188
\pgf@pathminy=\dimen189
\pgf@pathmaxy=\dimen190
\pgf@xx=\dimen191
\pgf@xy=\dimen192
\pgf@yx=\dimen193
\pgf@yy=\dimen194
\pgf@zx=\dimen195
\pgf@zy=\dimen196
) (C:\Users\turbo\AppData\Local\Programs\MiKTeX\tex/generic/pgf/basiclayer\pgfcorepathconstruct.code.tex
File: pgfcorepathconstruct.code.tex 2023-01-15 v3.1.10 (3.1.10)
\pgf@path@lastx=\dimen197
\pgf@path@lasty=\dimen198
) (C:\Users\turbo\AppData\Local\Programs\MiKTeX\tex/generic/pgf/basiclayer\pgfcorepathusage.code.tex
File: pgfcorepathusage.code.tex 2023-01-15 v3.1.10 (3.1.10)
\pgf@shorten@end@additional=\dimen199
\pgf@shorten@start@additional=\dimen256
) (C:\Users\turbo\AppData\Local\Programs\MiKTeX\tex/generic/pgf/basiclayer\pgfcorescopes.code.tex
File: pgfcorescopes.code.tex 2023-01-15 v3.1.10 (3.1.10)
\pgfpic=\box58
\pgf@hbox=\box59
\pgf@layerbox@main=\box60
\pgf@picture@serial@count=\count308
) (C:\Users\turbo\AppData\Local\Programs\MiKTeX\tex/generic/pgf/basiclayer\pgfcoregraphicstate.code.tex
File: pgfcoregraphicstate.code.tex 2023-01-15 v3.1.10 (3.1.10)
\pgflinewidth=\dimen257
) (C:\Users\turbo\AppData\Local\Programs\MiKTeX\tex/generic/pgf/basiclayer\pgfcoretransformations.code.tex
File: pgfcoretransformations.code.tex 2023-01-15 v3.1.10 (3.1.10)
\pgf@pt@x=\dimen258
\pgf@pt@y=\dimen259
\pgf@pt@temp=\dimen260
) (C:\Users\turbo\AppData\Local\Programs\MiKTeX\tex/generic/pgf/basiclayer\pgfcorequick.code.tex
File: pgfcorequick.code.tex 2023-01-15 v3.1.10 (3.1.10)
) (C:\Users\turbo\AppData\Local\Programs\MiKTeX\tex/generic/pgf/basiclayer\pgfcoreobjects.code.tex
File: pgfcoreobjects.code.tex 2023-01-15 v3.1.10 (3.1.10)
) (C:\Users\turbo\AppData\Local\Programs\MiKTeX\tex/generic/pgf/basiclayer\pgfcorepathprocessing.code.tex
File: pgfcorepathprocessing.code.tex 2023-01-15 v3.1.10 (3.1.10)
) (C:\Users\turbo\AppData\Local\Programs\MiKTeX\tex/generic/pgf/basiclayer\pgfcorearrows.code.tex
File: pgfcorearrows.code.tex 2023-01-15 v3.1.10 (3.1.10)
\pgfarrowsep=\dimen261
) (C:\Users\turbo\AppData\Local\Programs\MiKTeX\tex/generic/pgf/basiclayer\pgfcoreshade.code.tex
File: pgfcoreshade.code.tex 2023-01-15 v3.1.10 (3.1.10)
\pgf@max=\dimen262
\pgf@sys@shading@range@num=\count309
\pgf@shadingcount=\count310
) (C:\Users\turbo\AppData\Local\Programs\MiKTeX\tex/generic/pgf/basiclayer\pgfcoreimage.code.tex
File: pgfcoreimage.code.tex 2023-01-15 v3.1.10 (3.1.10)
) (C:\Users\turbo\AppData\Local\Programs\MiKTeX\tex/generic/pgf/basiclayer\pgfcoreexternal.code.tex
File: pgfcoreexternal.code.tex 2023-01-15 v3.1.10 (3.1.10)
\pgfexternal@startupbox=\box61
) (C:\Users\turbo\AppData\Local\Programs\MiKTeX\tex/generic/pgf/basiclayer\pgfcorelayers.code.tex
File: pgfcorelayers.code.tex 2023-01-15 v3.1.10 (3.1.10)
) (C:\Users\turbo\AppData\Local\Programs\MiKTeX\tex/generic/pgf/basiclayer\pgfcoretransparency.code.tex
File: pgfcoretransparency.code.tex 2023-01-15 v3.1.10 (3.1.10)
) (C:\Users\turbo\AppData\Local\Programs\MiKTeX\tex/generic/pgf/basiclayer\pgfcorepatterns.code.tex
File: pgfcorepatterns.code.tex 2023-01-15 v3.1.10 (3.1.10)
) (C:\Users\turbo\AppData\Local\Programs\MiKTeX\tex/generic/pgf/basiclayer\pgfcorerdf.code.tex
File: pgfcorerdf.code.tex 2023-01-15 v3.1.10 (3.1.10)
))) (C:\Users\turbo\AppData\Local\Programs\MiKTeX\tex/generic/pgf/modules\pgfmoduleshapes.code.tex
File: pgfmoduleshapes.code.tex 2023-01-15 v3.1.10 (3.1.10)
\pgfnodeparttextbox=\box62
) (C:\Users\turbo\AppData\Local\Programs\MiKTeX\tex/generic/pgf/modules\pgfmoduleplot.code.tex
File: pgfmoduleplot.code.tex 2023-01-15 v3.1.10 (3.1.10)
) (C:\Users\turbo\AppData\Local\Programs\MiKTeX\tex/latex/pgf/compatibility\pgfcomp-version-0-65.sty
Package: pgfcomp-version-0-65 2023-01-15 v3.1.10 (3.1.10)
\pgf@nodesepstart=\dimen263
\pgf@nodesepend=\dimen264
) (C:\Users\turbo\AppData\Local\Programs\MiKTeX\tex/latex/pgf/compatibility\pgfcomp-version-1-18.sty
Package: pgfcomp-version-1-18 2023-01-15 v3.1.10 (3.1.10)
)) (C:\Users\turbo\AppData\Local\Programs\MiKTeX\tex/latex/tools\verbatim.sty
Package: verbatim 2024-01-22 v1.5x LaTeX2e package for verbatim enhancements
\every@verbatim=\toks47
\verbatim@line=\toks48
\verbatim@in@stream=\read4
) (C:\Users\turbo\AppData\Local\Programs\MiKTeX\tex/latex/environ\environ.sty
Package: environ 2014/05/04 v0.3 A new way to define environments
 (C:\Users\turbo\AppData\Local\Programs\MiKTeX\tex/latex/trimspaces\trimspaces.sty
Package: trimspaces 2009/09/17 v1.1 Trim spaces around a token list
))
\tcb@titlebox=\box63
\tcb@upperbox=\box64
\tcb@lowerbox=\box65
\tcb@phantombox=\box66
\c@tcbbreakpart=\count311
\c@tcblayer=\count312
\c@tcolorbox@number=\count313
\l__tcobox_tmpa_box=\box67
\l__tcobox_tmpa_dim=\dimen265
\tcb@temp=\box68
\tcb@temp=\box69
\tcb@temp=\box70
\tcb@temp=\box71
) (C:\Users\turbo\AppData\Local\Programs\MiKTeX\tex/latex/ulem\ulem.sty
\UL@box=\box72
\UL@hyphenbox=\box73
\UL@skip=\skip59
\UL@hook=\toks49
\UL@height=\dimen266
\UL@pe=\count314
\UL@pixel=\dimen267
\ULC@box=\box74
Package: ulem 2019/11/18
\ULdepth=\dimen268
) (C:\Users\turbo\AppData\Local\Programs\MiKTeX\tex/latex/media9\media9.sty
Package: media9 2024/09/16 v1.29 acrobat-9/X compatible media
\g_mix_pkgresizeflag_int=\count315
 (C:\Users\turbo\AppData\Local\Programs\MiKTeX\tex/latex/media9\pdfbase.sty
Package: pdfbase 2024/09/16 v0.59 driver independent access to low-level PDF features
 (C:\Users\turbo\AppData\Local\Programs\MiKTeX\tex/latex/l3backend\l3backend-pdftex.def
File: l3backend-pdftex.def 2024-05-08 L3 backend support: PDF output (pdfTeX)
\l__color_backend_stack_int=\count316
\l__pdf_internal_box=\box75
)
\g_pbs_page_int=\count317
\g_pbs_oc_int=\count318
) (C:\Users\turbo\AppData\Local\Programs\MiKTeX\tex/latex/ocgx2\ocgbase.sty
Package: ocgbase 2024/09/15 v0.24 support package for ocgx2.sty
)
\l_mix_poster_box=\box76
\g_mix_wd_dim=\dimen269
\g_mix_ht_dim=\dimen270
\g_mix_dp_dim=\dimen271
\g_mix_rmcnt_int=\count319
\l_mix_viewcnt_int=\count320
\g@mix@page@int=\count321
\g_mix_resizeflag_int=\count322
\l_mix_lineno_int=\count323
\l_mix_pbtn_box=\box77
\g_mix_mbtncnt_int=\count324
\mix@btn@dim=\dimen272
) (C:\Users\turbo\AppData\Local\Programs\MiKTeX\tex/latex/animate\animate.sty
Package: animate 2024/10/14 PDF & SVG animations from files and inline graphics
 (C:\Users\turbo\AppData\Local\Programs\MiKTeX\tex/latex/base\ifthen.sty
Package: ifthen 2024/03/16 v1.1e Standard LaTeX ifthen package (DPC)
) (C:\Users\turbo\AppData\Local\Programs\MiKTeX\tex/latex/oberdiek\ifdraft.sty
Package: ifdraft 2016/05/16 v1.4 Detect class options draft and final (HO)
) (C:\Users\turbo\AppData\Local\Programs\MiKTeX\tex/latex/tools\calc.sty
Package: calc 2023/07/08 v4.3 Infix arithmetic (KKT,FJ)
\calc@Acount=\count325
\calc@Bcount=\count326
\calc@Adimen=\dimen273
\calc@Bdimen=\dimen274
\calc@Askip=\skip60
\calc@Bskip=\skip61
LaTeX Info: Redefining \setlength on input line 80.
LaTeX Info: Redefining \addtolength on input line 81.
\calc@Ccount=\count327
\calc@Cskip=\skip62
) (C:\Users\turbo\AppData\Local\Programs\MiKTeX\tex/latex/zref\zref-abspage.sty
Package: zref-abspage 2023-09-14 v2.35 Module abspage for zref (HO)
 (C:\Users\turbo\AppData\Local\Programs\MiKTeX\tex/latex/zref\zref-base.sty
Package: zref-base 2023-09-14 v2.35 Module base for zref (HO)
 (C:\Users\turbo\AppData\Local\Programs\MiKTeX\tex/generic/etexcmds\etexcmds.sty
Package: etexcmds 2019/12/15 v1.7 Avoid name clashes with e-TeX commands (HO)
) (C:\Users\turbo\AppData\Local\Programs\MiKTeX\tex/latex/auxhook\auxhook.sty
Package: auxhook 2019-12-17 v1.6 Hooks for auxiliary files (HO)
)
Package zref Info: New property list: main on input line 767.
Package zref Info: New property: default on input line 768.
Package zref Info: New property: page on input line 769.
)
\c@abspage=\count328
Package zref Info: New property: abspage on input line 67.
)
\@anim@box=\box78
\@anim@measbox=\box79
\@anim@tmpdima=\dimen275
\@anim@tmpdimb=\dimen276
\@anim@num=\count329
\@anim@curframe=\count330
\@anim@curframe@zb=\count331
\@anim@resizeflags=\count332
\@anim@skipfram=\count333
\@anim@mulframecnt=\count334
\@anim@@tmlnfile=\read5
\@anim@tmpcnt=\count335
\c@@anim@ltxcnt=\count336
\@anim@curlayer=\count337
\@anim@lineno=\count338
\@anim@curfield=\count339
\@anim@@resizeflags=\count340
)
Package thmtools Info: Key `name' (with value `Theorem')
(thmtools)             is not a known style key.
(thmtools)             Will pass this to every \declaretheorem
(thmtools)             that uses `style=thmsty' on input line 26.
\c@theorem=\count341
Package thmtools Info: Key `name' (with value `Proposition')
(thmtools)             is not a known style key.
(thmtools)             Will pass this to every \declaretheorem
(thmtools)             that uses `style=prosty' on input line 30.
Package thmtools Info: Key `name' (with value `Principle')
(thmtools)             is not a known style key.
(thmtools)             Will pass this to every \declaretheorem
(thmtools)             that uses `style=prcpsty' on input line 34.
Package thmtools Info: Key `name' (with value `Definition')
(thmtools)             is not a known style key.
(thmtools)             Will pass this to every \declaretheorem
(thmtools)             that uses `style=defsty' on input line 38.
Package thmtools Info: Key `name' (with value `Method')
(thmtools)             is not a known style key.
(thmtools)             Will pass this to every \declaretheorem
(thmtools)             that uses `style=metsty' on input line 42.
Package thmtools Info: Key `name' (with value `Example')
(thmtools)             is not a known style key.
(thmtools)             Will pass this to every \declaretheorem
(thmtools)             that uses `style=exmsty' on input line 46.
 (Differential equations.aux)
\openout1 = `"Differential equations.aux"'.

LaTeX Font Info:    Checking defaults for OML/cmm/m/it on input line 64.
LaTeX Font Info:    ... okay on input line 64.
LaTeX Font Info:    Checking defaults for OMS/cmsy/m/n on input line 64.
LaTeX Font Info:    ... okay on input line 64.
LaTeX Font Info:    Checking defaults for OT1/cmr/m/n on input line 64.
LaTeX Font Info:    ... okay on input line 64.
LaTeX Font Info:    Checking defaults for T1/cmr/m/n on input line 64.
LaTeX Font Info:    ... okay on input line 64.
LaTeX Font Info:    Checking defaults for TS1/cmr/m/n on input line 64.
LaTeX Font Info:    ... okay on input line 64.
LaTeX Font Info:    Checking defaults for OMX/cmex/m/n on input line 64.
LaTeX Font Info:    ... okay on input line 64.
LaTeX Font Info:    Checking defaults for U/cmr/m/n on input line 64.
LaTeX Font Info:    ... okay on input line 64.
LaTeX Font Info:    Checking defaults for PD1/pdf/m/n on input line 64.
LaTeX Font Info:    ... okay on input line 64.
LaTeX Font Info:    Checking defaults for PU/pdf/m/n on input line 64.
LaTeX Font Info:    ... okay on input line 64.
 (C:\Users\turbo\AppData\Local\Programs\MiKTeX\tex/context/base/mkii\supp-pdf.mkii
[Loading MPS to PDF converter (version 2006.09.02).]
\scratchcounter=\count342
\scratchdimen=\dimen277
\scratchbox=\box80
\nofMPsegments=\count343
\nofMParguments=\count344
\everyMPshowfont=\toks50
\MPscratchCnt=\count345
\MPscratchDim=\dimen278
\MPnumerator=\count346
\makeMPintoPDFobject=\count347
\everyMPtoPDFconversion=\toks51
) (C:\Users\turbo\AppData\Local\Programs\MiKTeX\tex/latex/epstopdf-pkg\epstopdf-base.sty
Package: epstopdf-base 2020-01-24 v2.11 Base part for package epstopdf
Package epstopdf-base Info: Redefining graphics rule for `.eps' on input line 485.
 (C:\Users\turbo\AppData\Local\Programs\MiKTeX\tex/latex/00miktex\epstopdf-sys.cfg
File: epstopdf-sys.cfg 2021/03/18 v2.0 Configuration of epstopdf for MiKTeX
))
*geometry* driver: auto-detecting
*geometry* detected driver: pdftex
*geometry* verbose mode - [ preamble ] result:
* driver: pdftex
* paper: <default>
* layout: <same size as paper>
* layoutoffset:(h,v)=(0.0pt,0.0pt)
* modes: 
* h-part:(L,W,R)=(108.405pt, 397.48499pt, 108.40501pt)
* v-part:(T,H,B)=(72.26999pt, 650.43pt, 72.27pt)
* \paperwidth=614.295pt
* \paperheight=794.96999pt
* \textwidth=397.48499pt
* \textheight=650.43pt
* \oddsidemargin=36.13501pt
* \evensidemargin=36.13501pt
* \topmargin=-37.0pt
* \headheight=12.0pt
* \headsep=25.0pt
* \topskip=10.0pt
* \footskip=30.0pt
* \marginparwidth=65.0pt
* \marginparsep=11.0pt
* \columnsep=10.0pt
* \skip\footins=9.0pt plus 4.0pt minus 2.0pt
* \hoffset=0.0pt
* \voffset=0.0pt
* \mag=1000
* \@twocolumnfalse
* \@twosidefalse
* \@mparswitchfalse
* \@reversemarginfalse
* (1in=72.27pt=25.4mm, 1cm=28.453pt)

Package hyperref Info: Link coloring OFF on input line 64.
(Differential equations.out) (Differential equations.out)
\@outlinefile=\write4
\openout4 = `"Differential equations.out"'.

LaTeX Font Info:    Trying to load font information for U+msa on input line 82.
 (C:\Users\turbo\AppData\Local\Programs\MiKTeX\tex/latex/amsfonts\umsa.fd
File: umsa.fd 2013/01/14 v3.01 AMS symbols A
)
LaTeX Font Info:    Trying to load font information for U+msb on input line 82.
 (C:\Users\turbo\AppData\Local\Programs\MiKTeX\tex/latex/amsfonts\umsb.fd
File: umsb.fd 2013/01/14 v3.01 AMS symbols B
)

[1

{C:/Users/turbo/AppData/Local/MiKTeX/fonts/map/pdftex/pdftex.map}] (Differential equations.toc

[2])
\tf@toc=\write5
\openout5 = `"Differential equations.toc"'.



[3]
Package hyperref Info: bookmark level for unknown definition defaults to 0 on input line 95.
Package hyperref Info: bookmark level for unknown proposition defaults to 0 on input line 113.

Underfull \hbox (badness 10000) in paragraph at lines 113--116

 []

Package hyperref Info: bookmark level for unknown theorem defaults to 0 on input line 128.


[4]
Package hyperref Info: bookmark level for unknown principle defaults to 0 on input line 142.

Underfull \hbox (badness 10000) in paragraph at lines 149--155

 []


Underfull \hbox (badness 10000) in paragraph at lines 161--166

 []


Package amsmath Warning: Foreign command \atopwithdelims;
(amsmath)                \frac or \genfrac should be used instead
(amsmath)                 on input line 170.



[5]

[6]

[7]
Overfull \hbox (52.75008pt too wide) detected at line 282
[][]
 []


Overfull \hbox (8.92061pt too wide) detected at line 304
[][]
 []


Underfull \hbox (badness 10000) in paragraph at lines 304--311

 []



[8]
Underfull \hbox (badness 10000) in paragraph at lines 339--344

 []


Underfull \hbox (badness 10000) in paragraph at lines 351--358

 []



[9]
Overfull \hbox (76.69093pt too wide) detected at line 383
[][]
 []


Overfull \hbox (47.2045pt too wide) detected at line 391
[][]
 []



[10]
Underfull \hbox (badness 10000) in paragraph at lines 431--431

 []


Underfull \hbox (badness 10000) in paragraph at lines 437--443

 []



[11]
Underfull \hbox (badness 10000) in paragraph at lines 449--455

 []



[12]

[13]

[14]
Underfull \hbox (badness 10000) in paragraph at lines 552--559

 []


Underfull \hbox (badness 10000) in paragraph at lines 552--559

 []


Overfull \hbox (1.78467pt too wide) in paragraph at lines 576--576
[][]\OT1/cmr/bx/n/10 By dif-fer-en-ti-at-ing with re-spect to $\OML/cmm/m/it/10 ^^U$\OT1/cmr/bx/n/10 , show that $\OML/cmm/m/it/10 I\OT1/cmr/m/n/10 (\OML/cmm/m/it/10 ^^U; \OT1/cmr/m/n/10 ) = [][] []\OML/cmm/m/it/10 e[]dx \OT1/cmr/m/n/10 = [][] [] +
 []



[15]
Overfull \hbox (46.05078pt too wide) detected at line 594
[][] 
 []


Underfull \hbox (badness 10000) in paragraph at lines 602--605

 []



[16]
Underfull \hbox (badness 10000) in paragraph at lines 621--624

 []



[17]

[18]
Package hyperref Info: bookmark level for unknown method defaults to 0 on input line 702.


[19]
Underfull \hbox (badness 10000) in paragraph at lines 736--739

 []


Underfull \hbox (badness 10000) in paragraph at lines 736--739

 []



[20]
Package hyperref Info: bookmark level for unknown example defaults to 0 on input line 742.

Underfull \hbox (badness 10000) in paragraph at lines 742--745

 []


Underfull \hbox (badness 10000) in paragraph at lines 750--754

 []


Underfull \hbox (badness 1888) in paragraph at lines 750--754
\OT1/cmr/m/n/10 The ho-mo-ge-neous equa-tion has so-lu-tion $\OML/cmm/m/it/10 ^^Ue[]$ \OT1/cmr/m/n/10 for any con-stant $\OML/cmm/m/it/10 ^^U$\OT1/cmr/m/n/10 . Try
 []


Underfull \hbox (badness 10000) in paragraph at lines 750--754

 []



[21]
Underfull \hbox (badness 7649) in paragraph at lines 782--785
[][]\OT1/cmr/bx/n/10 Definition 2.15. []\OT1/cmr/m/n/10 (Ex-act equa-tions). We de-fine a DE in the form
 []


Underfull \hbox (badness 10000) in paragraph at lines 782--785

 []


Underfull \hbox (badness 10000) in paragraph at lines 782--785

 []


Underfull \hbox (badness 1038) in paragraph at lines 782--785
\OT1/cmr/m/n/10 To check whether a DE is ex-act, no-tice that mixed sec-ond deriva-tives are
 []



[22]
Underfull \hbox (badness 1688) in paragraph at lines 798--799
[][]\OT1/cmr/bx/n/10 Method 2.18. []\OT1/cmr/m/n/10 (Solv-ing ex-act dif-fer-en-tial equa-tions). If it is known that
 []


Underfull \hbox (badness 10000) in paragraph at lines 798--799

 []


Underfull \hbox (badness 10000) in paragraph at lines 798--799
\OT1/cmr/m/n/10 This re-sult can then be dif-fer-en-ti-ated with re-spect to $\OML/cmm/m/it/10 y$ \OT1/cmr/m/n/10 to ob-tain
 []



[23]

[24]
Underfull \hbox (badness 10000) in paragraph at lines 851--854

 []



[25]
Underfull \hbox (badness 10000) in paragraph at lines 885--888

 []



[26]
Overfull \hbox (0.71928pt too wide) in paragraph at lines 903--904
\OT1/cmr/m/n/10 Difference equa-tions are the dis-crete coun-ter-part to dif-fer-en-tial equa-tions; in essence, whereas
 []



[27]
Underfull \hbox (badness 10000) in paragraph at lines 955--958

 []



[28]
Underfull \hbox (badness 10000) in paragraph at lines 961--963

 []


Underfull \hbox (badness 10000) in paragraph at lines 973--976

 []



[29]
Underfull \hbox (badness 10000) in paragraph at lines 1010--1014

 []


Underfull \hbox (badness 10000) in paragraph at lines 1024--1028

 []


Underfull \hbox (badness 10000) in paragraph at lines 1024--1028

 []



[30]
<DE-ch2-7-1.jpg, id=552, 1223.57124pt x 1038.88126pt>
File: DE-ch2-7-1.jpg Graphic file (type jpg)
<use DE-ch2-7-1.jpg>
Package pdftex.def Info: DE-ch2-7-1.jpg  used on input line 1033.
(pdftex.def)             Requested size: 284.52756pt x 241.56909pt.

Underfull \hbox (badness 10000) in paragraph at lines 1030--1040

 []



[31 <./DE-ch2-7-1.jpg>]
<DE-ch2-7-3.jpg, id=560, 1668.2325pt x 1083.04625pt>
File: DE-ch2-7-3.jpg Graphic file (type jpg)
<use DE-ch2-7-3.jpg>
Package pdftex.def Info: DE-ch2-7-3.jpg  used on input line 1061.
(pdftex.def)             Requested size: 284.52756pt x 184.71036pt.
<DE-ch2-7-2.jpg, id=561, 1468.48625pt x 932.48375pt>
File: DE-ch2-7-2.jpg Graphic file (type jpg)
<use DE-ch2-7-2.jpg>
Package pdftex.def Info: DE-ch2-7-2.jpg  used on input line 1066.
(pdftex.def)             Requested size: 284.52756pt x 180.67397pt.

Underfull \hbox (badness 10000) in paragraph at lines 1056--1070

 []


LaTeX Warning: `h' float specifier changed to `ht'.



[32 <./DE-ch2-7-3.jpg>]
<DE-ch2-8-1.jpg, id=567, 1527.7075pt x 923.45pt>
File: DE-ch2-8-1.jpg Graphic file (type jpg)
<use DE-ch2-8-1.jpg>
Package pdftex.def Info: DE-ch2-8-1.jpg  used on input line 1081.
(pdftex.def)             Requested size: 284.52756pt x 171.97691pt.
<DE-ch2-8-2.jpg, id=568, 1335.99126pt x 1083.04625pt>
File: DE-ch2-8-2.jpg Graphic file (type jpg)
<use DE-ch2-8-2.jpg>
Package pdftex.def Info: DE-ch2-8-2.jpg  used on input line 1086.
(pdftex.def)             Requested size: 284.52756pt x 230.65245pt.


[33 <./DE-ch2-7-2.jpg> <./DE-ch2-8-1.jpg>]

[34 <./DE-ch2-8-2.jpg>]
<DE-ch2-8-3.jpg, id=583, 1379.1525pt x 964.60374pt>
File: DE-ch2-8-3.jpg Graphic file (type jpg)
<use DE-ch2-8-3.jpg>
Package pdftex.def Info: DE-ch2-8-3.jpg  used on input line 1100.
(pdftex.def)             Requested size: 284.52756pt x 198.99612pt.

Underfull \hbox (badness 10000) in paragraph at lines 1102--1103

 []


Underfull \hbox (badness 10000) in paragraph at lines 1107--1107

 []

<DE-ch2-9-1.jpg, id=584, 1341.01pt x 1083.04625pt>
File: DE-ch2-9-1.jpg Graphic file (type jpg)
<use DE-ch2-9-1.jpg>
Package pdftex.def Info: DE-ch2-9-1.jpg  used on input line 1111.
(pdftex.def)             Requested size: 227.62204pt x 183.83449pt.


[35 <./DE-ch2-8-3.jpg> <./DE-ch2-9-1.jpg>]
<DE-ch2-9-2.jpg, id=591, 1528.71124pt x 920.43875pt>
File: DE-ch2-9-2.jpg Graphic file (type jpg)
<use DE-ch2-9-2.jpg>
Package pdftex.def Info: DE-ch2-9-2.jpg  used on input line 1131.
(pdftex.def)             Requested size: 284.52756pt x 171.30377pt.

Underfull \hbox (badness 10000) in paragraph at lines 1121--1134

 []


Underfull \hbox (badness 10000) in paragraph at lines 1121--1134

 []



[36 <./DE-ch2-9-2.jpg>]
<DE-ch2-9-3.jpg, id=597, 1657.19125pt x 1083.04625pt>
File: DE-ch2-9-3.jpg Graphic file (type jpg)
<use DE-ch2-9-3.jpg>
Package pdftex.def Info: DE-ch2-9-3.jpg  used on input line 1161.
(pdftex.def)             Requested size: 284.52756pt x 185.9498pt.


[37 <./DE-ch2-9-3.jpg>]
Underfull \hbox (badness 10000) in paragraph at lines 1174--1174

 []


Underfull \hbox (badness 10000) in paragraph at lines 1174--1174

 []

<DE-ch2-10-1.jpg, id=604, 1959.32pt x 1023.825pt>
File: DE-ch2-10-1.jpg Graphic file (type jpg)
<use DE-ch2-10-1.jpg>
Package pdftex.def Info: DE-ch2-10-1.jpg  used on input line 1183.
(pdftex.def)             Requested size: 312.9803pt x 163.53413pt.

Underfull \hbox (badness 10000) in paragraph at lines 1175--1184

 []


Underfull \hbox (badness 10000) in paragraph at lines 1175--1184

 []


Underfull \hbox (badness 10000) in paragraph at lines 1175--1184

 []



[38 <./DE-ch2-10-1.jpg>]
Underfull \hbox (badness 10000) in paragraph at lines 1185--1187

 []


Underfull \hbox (badness 10000) in paragraph at lines 1185--1187

 []

<DE-ch2-11-1.jpg, id=611, 914.41624pt x 844.15375pt>
File: DE-ch2-11-1.jpg Graphic file (type jpg)
<use DE-ch2-11-1.jpg>
Package pdftex.def Info: DE-ch2-11-1.jpg  used on input line 1194.
(pdftex.def)             Requested size: 284.52756pt x 262.6639pt.

Underfull \hbox (badness 10000) in paragraph at lines 1191--1199

 []



[39 <./DE-ch2-11-1.jpg>]
Underfull \hbox (badness 10000) in paragraph at lines 1206--1206

 []


Underfull \hbox (badness 10000) in paragraph at lines 1206--1206

 []


Underfull \hbox (badness 10000) in paragraph at lines 1206--1206

 []


Underfull \hbox (badness 10000) in paragraph at lines 1207--1211

 []


Underfull \hbox (badness 10000) in paragraph at lines 1207--1211

 []



[40]
Underfull \hbox (badness 10000) in paragraph at lines 1220--1225

 []


Underfull \hbox (badness 10000) in paragraph at lines 1220--1225

 []


Underfull \hbox (badness 10000) in paragraph at lines 1227--1231

 []


Underfull \hbox (badness 10000) in paragraph at lines 1237--1242

 []


Underfull \hbox (badness 10000) in paragraph at lines 1237--1242

 []


Underfull \hbox (badness 10000) in paragraph at lines 1237--1242

 []



[41]
Underfull \hbox (badness 10000) in paragraph at lines 1255--1259

 []


Underfull \hbox (badness 10000) in paragraph at lines 1255--1259

 []


Underfull \hbox (badness 10000) in paragraph at lines 1255--1259

 []


Underfull \hbox (badness 10000) in paragraph at lines 1272--1275

 []


Underfull \hbox (badness 10000) in paragraph at lines 1250--1275

 []


Underfull \hbox (badness 10000) in paragraph at lines 1250--1275

 []


Underfull \hbox (badness 10000) in paragraph at lines 1250--1275

 []


Underfull \hbox (badness 10000) in paragraph at lines 1250--1275

 []



[42]

[43]
Underfull \hbox (badness 10000) in paragraph at lines 1284--1287

 []


Underfull \hbox (badness 10000) in paragraph at lines 1294--1297

 []


Underfull \hbox (badness 10000) in paragraph at lines 1300--1302

 []



[44]

[45]
Underfull \hbox (badness 10000) in paragraph at lines 1363--1365

 []


Underfull \hbox (badness 10000) in paragraph at lines 1367--1370

 []



[46]

[47]

[48]
Underfull \hbox (badness 10000) in paragraph at lines 1483--1488

 []


Underfull \hbox (badness 10000) in paragraph at lines 1483--1488

 []


Underfull \hbox (badness 10000) in paragraph at lines 1483--1488

 []


Underfull \hbox (badness 10000) in paragraph at lines 1510--1512

 []


Underfull \hbox (badness 10000) in paragraph at lines 1526--1529

 []


Underfull \hbox (badness 10000) in paragraph at lines 1505--1533

 []


Underfull \hbox (badness 10000) in paragraph at lines 1505--1533

 []



[49]

[50]

[51]

[52]
Underfull \hbox (badness 10000) in paragraph at lines 1615--1637

 []



[53]

[54]
Underfull \hbox (badness 10000) in paragraph at lines 1678--1681

 []


Underfull \hbox (badness 1215) in paragraph at lines 1678--1681
\OT1/cmr/m/n/10 Using the ex-act same ap-proach as we ap-plied to dif-fer-en-tial equa-tions, we
 []


Underfull \hbox (badness 10000) in paragraph at lines 1683--1688

 []


Underfull \hbox (badness 10000) in paragraph at lines 1683--1688

 []


Underfull \hbox (badness 10000) in paragraph at lines 1683--1688

 []



[55]
<DE-ch3-3.6.png, id=756, 412.54124pt x 222.07968pt>
File: DE-ch3-3.6.png Graphic file (type png)
<use DE-ch3-3.6.png>
Package pdftex.def Info: DE-ch3-3.6.png  used on input line 1699.
(pdftex.def)             Requested size: 341.43306pt x 183.80423pt.

Underfull \hbox (badness 10000) in paragraph at lines 1695--1702

 []



[56 <./DE-ch3-3.6.png>]
Underfull \hbox (badness 10000) in paragraph at lines 1712--1715

 []


Underfull \hbox (badness 10000) in paragraph at lines 1732--1735

 []



[57]
Underfull \hbox (badness 10000) in paragraph at lines 1749--1751

 []


Underfull \hbox (badness 10000) in paragraph at lines 1749--1751

 []

<DE-ch3-underdamping.png, id=775, 316.18124pt x 204.765pt>
File: DE-ch3-underdamping.png Graphic file (type png)
<use DE-ch3-underdamping.png>
Package pdftex.def Info: DE-ch3-underdamping.png  used on input line 1771.
(pdftex.def)             Requested size: 227.62204pt x 147.41504pt.


[58]
<DE-ch3-criticaldamping.png, id=782, 311.66437pt x 197.23688pt>
File: DE-ch3-criticaldamping.png Graphic file (type png)
<use DE-ch3-criticaldamping.png>
Package pdftex.def Info: DE-ch3-criticaldamping.png  used on input line 1779.
(pdftex.def)             Requested size: 227.62204pt x 144.05394pt.


[59 <./DE-ch3-underdamping.png> <./DE-ch3-criticaldamping.png>]
<DE-ch3-overdamping.png, id=792, 321.45094pt x 198.7425pt>
File: DE-ch3-overdamping.png Graphic file (type png)
<use DE-ch3-overdamping.png>
Package pdftex.def Info: DE-ch3-overdamping.png  used on input line 1788.
(pdftex.def)             Requested size: 199.16928pt x 123.14325pt.

Underfull \hbox (badness 10000) in paragraph at lines 1791--1794

 []


Underfull \hbox (badness 10000) in paragraph at lines 1791--1794

 []


Underfull \hbox (badness 10000) in paragraph at lines 1796--1799

 []


Underfull \hbox (badness 10000) in paragraph at lines 1801--1803

 []


Underfull \hbox (badness 10000) in paragraph at lines 1801--1803

 []



[60 <./DE-ch3-overdamping.png>]
<DE-ch3-transient.png, id=799, 459.21562pt x 338.01282pt>
File: DE-ch3-transient.png Graphic file (type png)
<use DE-ch3-transient.png>
Package pdftex.def Info: DE-ch3-transient.png  used on input line 1814.
(pdftex.def)             Requested size: 284.52756pt x 209.44199pt.
<DE-ch3-resonance.png, id=800, 1179.40625pt x 1035.87pt>
File: DE-ch3-resonance.png Graphic file (type png)
<use DE-ch3-resonance.png>
Package pdftex.def Info: DE-ch3-resonance.png  used on input line 1837.
(pdftex.def)             Requested size: 284.52756pt x 249.89417pt.


[61 <./DE-ch3-transient.png>]

[62 <./DE-ch3-resonance.png (PNG copy)>]
<DE-ch3-diracdelta.png, id=813, 283.81032pt x 228.855pt>
File: DE-ch3-diracdelta.png Graphic file (type png)
<use DE-ch3-diracdelta.png>
Package pdftex.def Info: DE-ch3-diracdelta.png  used on input line 1862.
(pdftex.def)             Requested size: 227.62204pt x 183.55217pt.


[63 <./DE-ch3-diracdelta.png>]

[64]
Underfull \hbox (badness 10000) in paragraph at lines 1931--1934

 []


Underfull \hbox (badness 1342) in paragraph at lines 1931--1934
\OT1/cmr/m/n/10 The Heav-i-side step func-tion is use-ful in mod-el-ing many phys-i-cal sce-nar-ios,
 []


Underfull \hbox (badness 10000) in paragraph at lines 1944--1950

 []


Underfull \hbox (badness 10000) in paragraph at lines 1944--1950

 []


Underfull \hbox (badness 10000) in paragraph at lines 1944--1950

 []


Underfull \hbox (badness 10000) in paragraph at lines 1944--1950

 []


Underfull \hbox (badness 10000) in paragraph at lines 1944--1950

 []



[65]

[66]
Underfull \hbox (badness 10000) in paragraph at lines 1992--1996

 []


Underfull \hbox (badness 10000) in paragraph at lines 1992--1996

 []



[67]
Underfull \hbox (badness 10000) in paragraph at lines 2057--2059

 []



[68]
Underfull \hbox (badness 10000) in paragraph at lines 2065--2068

 []


Underfull \hbox (badness 10000) in paragraph at lines 2097--2097

 []



[69]

[70]
Underfull \hbox (badness 10000) in paragraph at lines 2143--2147

 []


Underfull \hbox (badness 10000) in paragraph at lines 2153--2156

 []



[71]

[72]
Underfull \hbox (badness 10000) in paragraph at lines 2240--2242

 []



[73]
Underfull \hbox (badness 10000) in paragraph at lines 2268--2271

 []



[74]

[75]

[76]

[77]
Underfull \hbox (badness 10000) in paragraph at lines 2480--2483

 []



[78]
Underfull \hbox (badness 10000) in paragraph at lines 2529--2532

 []



[79]

[80]

[81]
<DE-ch3-10.jpg, id=940, 1658.195pt x 1013.7875pt>
File: DE-ch3-10.jpg Graphic file (type jpg)
<use DE-ch3-10.jpg>
Package pdftex.def Info: DE-ch3-10.jpg  used on input line 2650.
(pdftex.def)             Requested size: 284.52756pt x 173.95038pt.

Underfull \hbox (badness 10000) in paragraph at lines 2674--2677

 []



[82 <./DE-ch3-10.jpg>]
<DE-ch3-11.jpg, id=947, 1632.0975pt x 840.13875pt>
File: DE-ch3-11.jpg Graphic file (type jpg)
<use DE-ch3-11.jpg>
Package pdftex.def Info: DE-ch3-11.jpg  used on input line 2714.
(pdftex.def)             Requested size: 284.52756pt x 146.46242pt.


[83 <./DE-ch3-11.jpg>]
Underfull \hbox (badness 10000) in paragraph at lines 2758--2760

 []



[84]
Underfull \hbox (badness 10000) in paragraph at lines 2797--2800

 []



[85]
Underfull \hbox (badness 10000) in paragraph at lines 2834--2834

 []



[86]
Underfull \hbox (badness 10000) in paragraph at lines 2845--2848

 []


Underfull \hbox (badness 10000) in paragraph at lines 2857--2859

 []


Underfull \hbox (badness 10000) in paragraph at lines 2857--2859

 []



[87]
Underfull \hbox (badness 10000) in paragraph at lines 2884--2887

 []



[88]

[89]
Underfull \hbox (badness 10000) in paragraph at lines 2937--2940

 []


Underfull \hbox (badness 10000) in paragraph at lines 2926--2945

 []



[90]
Underfull \hbox (badness 10000) in paragraph at lines 2968--2971

 []



[91]
Underfull \hbox (badness 10000) in paragraph at lines 2979--2982

 []



[92]

[93]
Underfull \hbox (badness 10000) in paragraph at lines 3045--3048

 []



[94]

Package hyperref Warning: Difference (2) between bookmark levels is greater 
(hyperref)                than one, level fixed on input line 3085.



[95]
Underfull \hbox (badness 10000) in paragraph at lines 3105--3116

 []



[96]
<DE-ch4-saddlepoint.png, id=1041, 752.0597pt x 687.31781pt>
File: DE-ch4-saddlepoint.png Graphic file (type png)
<use DE-ch4-saddlepoint.png>
Package pdftex.def Info: DE-ch4-saddlepoint.png  used on input line 3147.
(pdftex.def)             Requested size: 227.62204pt x 208.02177pt.

Underfull \hbox (badness 10000) in paragraph at lines 3143--3150

 []



[97 <./DE-ch4-saddlepoint.png>]

[98]

[99]

[100]
Underfull \hbox (badness 10000) in paragraph at lines 3328--3331

 []



[101]
Underfull \hbox (badness 10000) in paragraph at lines 3362--3365

 []



[102]
Underfull \hbox (badness 10000) in paragraph at lines 3403--3406

 []



[103]
Underfull \hbox (badness 10000) in paragraph at lines 3462--3465

 []



[104]
<DE-ch4-stablesink.jpg, id=1089, 1003.75pt x 642.4pt>
File: DE-ch4-stablesink.jpg Graphic file (type jpg)
<use DE-ch4-stablesink.jpg>
Package pdftex.def Info: DE-ch4-stablesink.jpg  used on input line 3496.
(pdftex.def)             Requested size: 227.62204pt x 145.67082pt.

Underfull \hbox (badness 10000) in paragraph at lines 3492--3498

 []



[105 <./DE-ch4-stablesink.jpg>]
<DE-ch4-unstablesource.jpg, id=1096, 947.54pt x 678.535pt>
File: DE-ch4-unstablesource.jpg Graphic file (type jpg)
<use DE-ch4-unstablesource.jpg>
Package pdftex.def Info: DE-ch4-unstablesource.jpg  used on input line 3501.
(pdftex.def)             Requested size: 227.62204pt x 162.99667pt.
<DE-ch4-stablesink-2.jpg, id=1097, 1133.23375pt x 639.38875pt>
File: DE-ch4-stablesink-2.jpg Graphic file (type jpg)
<use DE-ch4-stablesink-2.jpg>
Package pdftex.def Info: DE-ch4-stablesink-2.jpg  used on input line 3506.
(pdftex.def)             Requested size: 227.62204pt x 128.42183pt.
<DE-ch4-saddlenode.jpg, id=1098, 1271.75125pt x 687.56876pt>
File: DE-ch4-saddlenode.jpg Graphic file (type jpg)
<use DE-ch4-saddlenode.jpg>
Package pdftex.def Info: DE-ch4-saddlenode.jpg  used on input line 3512.
(pdftex.def)             Requested size: 227.62204pt x 123.05411pt.
<DE-ch4-spiral.jpg, id=1099, 914.41624pt x 593.21625pt>
File: DE-ch4-spiral.jpg Graphic file (type jpg)
<use DE-ch4-spiral.jpg>
Package pdftex.def Info: DE-ch4-spiral.jpg  used on input line 3521.
(pdftex.def)             Requested size: 227.62204pt x 147.66101pt.


LaTeX Warning: `h' float specifier changed to `ht'.



[106 <./DE-ch4-unstablesource.jpg> <./DE-ch4-stablesink-2.jpg> <./DE-ch4-saddlenode.jpg>]
Underfull \hbox (badness 10000) in paragraph at lines 3537--3539

 []



[107 <./DE-ch4-spiral.jpg>]

[108]
Underfull \hbox (badness 10000) in paragraph at lines 3568--3571

 []


Underfull \hbox (badness 10000) in paragraph at lines 3568--3571

 []


Package hyperref Warning: Difference (2) between bookmark levels is greater 
(hyperref)                than one, level fixed on input line 3571.

<DE-ch4-transportequation-1.jpg, id=1119, 1821.80624pt x 765.86125pt>
File: DE-ch4-transportequation-1.jpg Graphic file (type jpg)
<use DE-ch4-transportequation-1.jpg>
Package pdftex.def Info: DE-ch4-transportequation-1.jpg  used on input line 3575.
(pdftex.def)             Requested size: 341.43306pt x 143.5285pt.


[109 <./DE-ch4-transportequation-1.jpg>]
<DE-ch4-transport2.jpg, id=1126, 1940.24875pt x 905.3825pt>
File: DE-ch4-transport2.jpg Graphic file (type jpg)
<use DE-ch4-transport2.jpg>
Package pdftex.def Info: DE-ch4-transport2.jpg  used on input line 3581.
(pdftex.def)             Requested size: 341.43306pt x 159.31465pt.
<DE-ch4-transport3.jpg, id=1127, 1309.89375pt x 605.26125pt>
File: DE-ch4-transport3.jpg Graphic file (type jpg)
<use DE-ch4-transport3.jpg>
Package pdftex.def Info: DE-ch4-transport3.jpg  used on input line 3587.
(pdftex.def)             Requested size: 227.62204pt x 105.17422pt.

Underfull \hbox (badness 10000) in paragraph at lines 3583--3590

 []


Underfull \hbox (badness 10000) in paragraph at lines 3583--3590

 []



[110 <./DE-ch4-transport2.jpg> <./DE-ch4-transport3.jpg>]
<DE-ch4-transport4.jpg, id=1133, 1158.3275pt x 726.715pt>
File: DE-ch4-transport4.jpg Graphic file (type jpg)
<use DE-ch4-transport4.jpg>
Package pdftex.def Info: DE-ch4-transport4.jpg  used on input line 3593.
(pdftex.def)             Requested size: 227.62204pt x 142.80109pt.

Underfull \hbox (badness 10000) in paragraph at lines 3616--3621

 []


Underfull \hbox (badness 10000) in paragraph at lines 3616--3621

 []


Underfull \hbox (badness 10000) in paragraph at lines 3616--3621

 []



[111 <./DE-ch4-transport4.jpg>]
<DE-ch4-wave1-1.png, id=1141, 435.6275pt x 146.5475pt>
File: DE-ch4-wave1-1.png Graphic file (type png)
<use DE-ch4-wave1-1.png>
Package pdftex.def Info: DE-ch4-wave1-1.png  used on input line 3635.
(pdftex.def)             Requested size: 435.62643pt x 146.54712pt.
 <./DE-ch4-wave1-1.png> <a0,fr0>
<DE-ch4-wave1-2.png, id=1145, 435.6275pt x 146.5475pt>
File: DE-ch4-wave1-2.png Graphic file (type png)
<use DE-ch4-wave1-2.png>
Package pdftex.def Info: DE-ch4-wave1-2.png  used on input line 3635.
(pdftex.def)             Requested size: 435.62643pt x 146.54712pt.
 <./DE-ch4-wave1-2.png> <a0,fr1>
<DE-ch4-wave1-3.png, id=1149, 435.6275pt x 146.5475pt>
File: DE-ch4-wave1-3.png Graphic file (type png)
<use DE-ch4-wave1-3.png>
Package pdftex.def Info: DE-ch4-wave1-3.png  used on input line 3635.
(pdftex.def)             Requested size: 435.62643pt x 146.54712pt.
 <./DE-ch4-wave1-3.png> <a0,fr2>
<DE-ch4-wave1-4.png, id=1153, 435.6275pt x 146.5475pt>
File: DE-ch4-wave1-4.png Graphic file (type png)
<use DE-ch4-wave1-4.png>
Package pdftex.def Info: DE-ch4-wave1-4.png  used on input line 3635.
(pdftex.def)             Requested size: 435.62643pt x 146.54712pt.
 <./DE-ch4-wave1-4.png> <a0,fr3>
<DE-ch4-wave1-5.png, id=1157, 435.6275pt x 146.5475pt>
File: DE-ch4-wave1-5.png Graphic file (type png)
<use DE-ch4-wave1-5.png>
Package pdftex.def Info: DE-ch4-wave1-5.png  used on input line 3635.
(pdftex.def)             Requested size: 435.62643pt x 146.54712pt.
 <./DE-ch4-wave1-5.png> <a0,fr4>
<DE-ch4-wave1-6.png, id=1161, 435.6275pt x 146.5475pt>
File: DE-ch4-wave1-6.png Graphic file (type png)
<use DE-ch4-wave1-6.png>
Package pdftex.def Info: DE-ch4-wave1-6.png  used on input line 3635.
(pdftex.def)             Requested size: 435.62643pt x 146.54712pt.
 <./DE-ch4-wave1-6.png> <a0,fr5>
<DE-ch4-wave1-7.png, id=1165, 435.6275pt x 146.5475pt>
File: DE-ch4-wave1-7.png Graphic file (type png)
<use DE-ch4-wave1-7.png>
Package pdftex.def Info: DE-ch4-wave1-7.png  used on input line 3635.
(pdftex.def)             Requested size: 435.62643pt x 146.54712pt.
 <./DE-ch4-wave1-7.png> <a0,fr6>
<DE-ch4-wave1-8.png, id=1169, 435.6275pt x 146.5475pt>
File: DE-ch4-wave1-8.png Graphic file (type png)
<use DE-ch4-wave1-8.png>
Package pdftex.def Info: DE-ch4-wave1-8.png  used on input line 3635.
(pdftex.def)             Requested size: 435.62643pt x 146.54712pt.
 <./DE-ch4-wave1-8.png> <a0,fr7>
<DE-ch4-wave1-9.png, id=1173, 435.6275pt x 146.5475pt>
File: DE-ch4-wave1-9.png Graphic file (type png)
<use DE-ch4-wave1-9.png>
Package pdftex.def Info: DE-ch4-wave1-9.png  used on input line 3635.
(pdftex.def)             Requested size: 435.62643pt x 146.54712pt.
 <./DE-ch4-wave1-9.png> <a0,fr8>
<DE-ch4-wave1-10.png, id=1177, 435.6275pt x 146.5475pt>
File: DE-ch4-wave1-10.png Graphic file (type png)
<use DE-ch4-wave1-10.png>
Package pdftex.def Info: DE-ch4-wave1-10.png  used on input line 3635.
(pdftex.def)             Requested size: 435.62643pt x 146.54712pt.
 <./DE-ch4-wave1-10.png> <a0,fr9>
<DE-ch4-wave1-11.png, id=1181, 435.6275pt x 146.5475pt>
File: DE-ch4-wave1-11.png Graphic file (type png)
<use DE-ch4-wave1-11.png>
Package pdftex.def Info: DE-ch4-wave1-11.png  used on input line 3635.
(pdftex.def)             Requested size: 435.62643pt x 146.54712pt.
 <./DE-ch4-wave1-11.png> <a0,fr10>
<DE-ch4-wave1-12.png, id=1185, 435.6275pt x 146.5475pt>
File: DE-ch4-wave1-12.png Graphic file (type png)
<use DE-ch4-wave1-12.png>
Package pdftex.def Info: DE-ch4-wave1-12.png  used on input line 3635.
(pdftex.def)             Requested size: 435.62643pt x 146.54712pt.
 <./DE-ch4-wave1-12.png> <a0,fr11>
<DE-ch4-wave1-13.png, id=1189, 435.6275pt x 146.5475pt>
File: DE-ch4-wave1-13.png Graphic file (type png)
<use DE-ch4-wave1-13.png>
Package pdftex.def Info: DE-ch4-wave1-13.png  used on input line 3635.
(pdftex.def)             Requested size: 435.62643pt x 146.54712pt.
 <./DE-ch4-wave1-13.png> <a0,fr12>
<DE-ch4-wave1-14.png, id=1193, 435.6275pt x 146.5475pt>
File: DE-ch4-wave1-14.png Graphic file (type png)
<use DE-ch4-wave1-14.png>
Package pdftex.def Info: DE-ch4-wave1-14.png  used on input line 3635.
(pdftex.def)             Requested size: 435.62643pt x 146.54712pt.
 <./DE-ch4-wave1-14.png> <a0,fr13>
<DE-ch4-wave1-15.png, id=1197, 435.6275pt x 146.5475pt>
File: DE-ch4-wave1-15.png Graphic file (type png)
<use DE-ch4-wave1-15.png>
Package pdftex.def Info: DE-ch4-wave1-15.png  used on input line 3635.
(pdftex.def)             Requested size: 435.62643pt x 146.54712pt.
 <./DE-ch4-wave1-15.png> <a0,fr14>
<DE-ch4-wave1-16.png, id=1201, 435.6275pt x 146.5475pt>
File: DE-ch4-wave1-16.png Graphic file (type png)
<use DE-ch4-wave1-16.png>
Package pdftex.def Info: DE-ch4-wave1-16.png  used on input line 3635.
(pdftex.def)             Requested size: 435.62643pt x 146.54712pt.
 <./DE-ch4-wave1-16.png> <a0,fr15>
<DE-ch4-wave1-17.png, id=1205, 435.6275pt x 146.5475pt>
File: DE-ch4-wave1-17.png Graphic file (type png)
<use DE-ch4-wave1-17.png>
Package pdftex.def Info: DE-ch4-wave1-17.png  used on input line 3635.
(pdftex.def)             Requested size: 435.62643pt x 146.54712pt.
 <./DE-ch4-wave1-17.png> <a0,fr16>
<DE-ch4-wave1-18.png, id=1209, 435.6275pt x 146.5475pt>
File: DE-ch4-wave1-18.png Graphic file (type png)
<use DE-ch4-wave1-18.png>
Package pdftex.def Info: DE-ch4-wave1-18.png  used on input line 3635.
(pdftex.def)             Requested size: 435.62643pt x 146.54712pt.
 <./DE-ch4-wave1-18.png> <a0,fr17>
<DE-ch4-wave1-19.png, id=1213, 435.6275pt x 146.5475pt>
File: DE-ch4-wave1-19.png Graphic file (type png)
<use DE-ch4-wave1-19.png>
Package pdftex.def Info: DE-ch4-wave1-19.png  used on input line 3635.
(pdftex.def)             Requested size: 435.62643pt x 146.54712pt.
 <./DE-ch4-wave1-19.png> <a0,fr18>
<DE-ch4-wave1-20.png, id=1217, 435.6275pt x 146.5475pt>
File: DE-ch4-wave1-20.png Graphic file (type png)
<use DE-ch4-wave1-20.png>
Package pdftex.def Info: DE-ch4-wave1-20.png  used on input line 3635.
(pdftex.def)             Requested size: 435.62643pt x 146.54712pt.
 <./DE-ch4-wave1-20.png> <a0,fr19>
<DE-ch4-wave1-21.png, id=1221, 435.6275pt x 146.5475pt>
File: DE-ch4-wave1-21.png Graphic file (type png)
<use DE-ch4-wave1-21.png>
Package pdftex.def Info: DE-ch4-wave1-21.png  used on input line 3635.
(pdftex.def)             Requested size: 435.62643pt x 146.54712pt.
 <./DE-ch4-wave1-21.png> <a0,fr20>
<DE-ch4-wave1-22.png, id=1225, 435.6275pt x 146.5475pt>
File: DE-ch4-wave1-22.png Graphic file (type png)
<use DE-ch4-wave1-22.png>
Package pdftex.def Info: DE-ch4-wave1-22.png  used on input line 3635.
(pdftex.def)             Requested size: 435.62643pt x 146.54712pt.
 <./DE-ch4-wave1-22.png> <a0,fr21>
<DE-ch4-wave1-23.png, id=1229, 435.6275pt x 146.5475pt>
File: DE-ch4-wave1-23.png Graphic file (type png)
<use DE-ch4-wave1-23.png>
Package pdftex.def Info: DE-ch4-wave1-23.png  used on input line 3635.
(pdftex.def)             Requested size: 435.62643pt x 146.54712pt.
 <./DE-ch4-wave1-23.png> <a0,fr22>
<DE-ch4-wave1-24.png, id=1233, 435.6275pt x 146.5475pt>
File: DE-ch4-wave1-24.png Graphic file (type png)
<use DE-ch4-wave1-24.png>
Package pdftex.def Info: DE-ch4-wave1-24.png  used on input line 3635.
(pdftex.def)             Requested size: 435.62643pt x 146.54712pt.
 <./DE-ch4-wave1-24.png> <a0,fr23>
<DE-ch4-wave1-25.png, id=1237, 435.6275pt x 146.5475pt>
File: DE-ch4-wave1-25.png Graphic file (type png)
<use DE-ch4-wave1-25.png>
Package pdftex.def Info: DE-ch4-wave1-25.png  used on input line 3635.
(pdftex.def)             Requested size: 435.62643pt x 146.54712pt.
 <./DE-ch4-wave1-25.png> <a0,fr24>
<DE-ch4-wave1-26.png, id=1241, 435.6275pt x 146.5475pt>
File: DE-ch4-wave1-26.png Graphic file (type png)
<use DE-ch4-wave1-26.png>
Package pdftex.def Info: DE-ch4-wave1-26.png  used on input line 3635.
(pdftex.def)             Requested size: 435.62643pt x 146.54712pt.
 <./DE-ch4-wave1-26.png> <a0,fr25>
<DE-ch4-wave1-27.png, id=1245, 435.6275pt x 146.5475pt>
File: DE-ch4-wave1-27.png Graphic file (type png)
<use DE-ch4-wave1-27.png>
Package pdftex.def Info: DE-ch4-wave1-27.png  used on input line 3635.
(pdftex.def)             Requested size: 435.62643pt x 146.54712pt.
 <./DE-ch4-wave1-27.png> <a0,fr26>
<DE-ch4-wave1-28.png, id=1249, 435.6275pt x 146.5475pt>
File: DE-ch4-wave1-28.png Graphic file (type png)
<use DE-ch4-wave1-28.png>
Package pdftex.def Info: DE-ch4-wave1-28.png  used on input line 3635.
(pdftex.def)             Requested size: 435.62643pt x 146.54712pt.
 <./DE-ch4-wave1-28.png> <a0,fr27>
<DE-ch4-wave1-29.png, id=1253, 435.6275pt x 146.5475pt>
File: DE-ch4-wave1-29.png Graphic file (type png)
<use DE-ch4-wave1-29.png>
Package pdftex.def Info: DE-ch4-wave1-29.png  used on input line 3635.
(pdftex.def)             Requested size: 435.62643pt x 146.54712pt.
 <./DE-ch4-wave1-29.png> <a0,fr28>
<DE-ch4-wave1-30.png, id=1257, 435.6275pt x 146.5475pt>
File: DE-ch4-wave1-30.png Graphic file (type png)
<use DE-ch4-wave1-30.png>
Package pdftex.def Info: DE-ch4-wave1-30.png  used on input line 3635.
(pdftex.def)             Requested size: 435.62643pt x 146.54712pt.
 <./DE-ch4-wave1-30.png> <a0,fr29>
<DE-ch4-wave1-31.png, id=1261, 435.6275pt x 146.5475pt>
File: DE-ch4-wave1-31.png Graphic file (type png)
<use DE-ch4-wave1-31.png>
Package pdftex.def Info: DE-ch4-wave1-31.png  used on input line 3635.
(pdftex.def)             Requested size: 435.62643pt x 146.54712pt.
 <./DE-ch4-wave1-31.png> <a0,fr30>
<DE-ch4-wave1-32.png, id=1265, 435.6275pt x 146.5475pt>
File: DE-ch4-wave1-32.png Graphic file (type png)
<use DE-ch4-wave1-32.png>
Package pdftex.def Info: DE-ch4-wave1-32.png  used on input line 3635.
(pdftex.def)             Requested size: 435.62643pt x 146.54712pt.
 <./DE-ch4-wave1-32.png> <a0,fr31>
<DE-ch4-wave1-33.png, id=1269, 435.6275pt x 146.5475pt>
File: DE-ch4-wave1-33.png Graphic file (type png)
<use DE-ch4-wave1-33.png>
Package pdftex.def Info: DE-ch4-wave1-33.png  used on input line 3635.
(pdftex.def)             Requested size: 435.62643pt x 146.54712pt.
 <./DE-ch4-wave1-33.png> <a0,fr32>
<DE-ch4-wave1-34.png, id=1273, 435.6275pt x 146.5475pt>
File: DE-ch4-wave1-34.png Graphic file (type png)
<use DE-ch4-wave1-34.png>
Package pdftex.def Info: DE-ch4-wave1-34.png  used on input line 3635.
(pdftex.def)             Requested size: 435.62643pt x 146.54712pt.
 <./DE-ch4-wave1-34.png> <a0,fr33>
<DE-ch4-wave1-35.png, id=1277, 435.6275pt x 146.5475pt>
File: DE-ch4-wave1-35.png Graphic file (type png)
<use DE-ch4-wave1-35.png>
Package pdftex.def Info: DE-ch4-wave1-35.png  used on input line 3635.
(pdftex.def)             Requested size: 435.62643pt x 146.54712pt.
 <./DE-ch4-wave1-35.png> <a0,fr34>
<DE-ch4-wave1-36.png, id=1281, 435.6275pt x 146.5475pt>
File: DE-ch4-wave1-36.png Graphic file (type png)
<use DE-ch4-wave1-36.png>
Package pdftex.def Info: DE-ch4-wave1-36.png  used on input line 3635.
(pdftex.def)             Requested size: 435.62643pt x 146.54712pt.
 <./DE-ch4-wave1-36.png> <a0,fr35>
<DE-ch4-wave1-37.png, id=1285, 435.6275pt x 146.5475pt>
File: DE-ch4-wave1-37.png Graphic file (type png)
<use DE-ch4-wave1-37.png>
Package pdftex.def Info: DE-ch4-wave1-37.png  used on input line 3635.
(pdftex.def)             Requested size: 435.62643pt x 146.54712pt.
 <./DE-ch4-wave1-37.png> <a0,fr36>
<DE-ch4-wave1-38.png, id=1289, 435.6275pt x 146.5475pt>
File: DE-ch4-wave1-38.png Graphic file (type png)
<use DE-ch4-wave1-38.png>
Package pdftex.def Info: DE-ch4-wave1-38.png  used on input line 3635.
(pdftex.def)             Requested size: 435.62643pt x 146.54712pt.
 <./DE-ch4-wave1-38.png> <a0,fr37>
<DE-ch4-wave1-39.png, id=1293, 435.6275pt x 146.5475pt>
File: DE-ch4-wave1-39.png Graphic file (type png)
<use DE-ch4-wave1-39.png>
Package pdftex.def Info: DE-ch4-wave1-39.png  used on input line 3635.
(pdftex.def)             Requested size: 435.62643pt x 146.54712pt.
 <./DE-ch4-wave1-39.png> <a0,fr38>
<DE-ch4-wave1-40.png, id=1297, 435.6275pt x 146.5475pt>
File: DE-ch4-wave1-40.png Graphic file (type png)
<use DE-ch4-wave1-40.png>
Package pdftex.def Info: DE-ch4-wave1-40.png  used on input line 3635.
(pdftex.def)             Requested size: 435.62643pt x 146.54712pt.
 <./DE-ch4-wave1-40.png> <a0,fr39>
<DE-ch4-wave1-41.png, id=1301, 435.6275pt x 146.5475pt>
File: DE-ch4-wave1-41.png Graphic file (type png)
<use DE-ch4-wave1-41.png>
Package pdftex.def Info: DE-ch4-wave1-41.png  used on input line 3635.
(pdftex.def)             Requested size: 435.62643pt x 146.54712pt.
 <./DE-ch4-wave1-41.png> <a0,fr40>
<DE-ch4-wave1-42.png, id=1305, 435.6275pt x 146.5475pt>
File: DE-ch4-wave1-42.png Graphic file (type png)
<use DE-ch4-wave1-42.png>
Package pdftex.def Info: DE-ch4-wave1-42.png  used on input line 3635.
(pdftex.def)             Requested size: 435.62643pt x 146.54712pt.
 <./DE-ch4-wave1-42.png> <a0,fr41>
<DE-ch4-wave1-43.png, id=1309, 435.6275pt x 146.5475pt>
File: DE-ch4-wave1-43.png Graphic file (type png)
<use DE-ch4-wave1-43.png>
Package pdftex.def Info: DE-ch4-wave1-43.png  used on input line 3635.
(pdftex.def)             Requested size: 435.62643pt x 146.54712pt.
 <./DE-ch4-wave1-43.png> <a0,fr42>
<DE-ch4-wave1-44.png, id=1313, 435.6275pt x 146.5475pt>
File: DE-ch4-wave1-44.png Graphic file (type png)
<use DE-ch4-wave1-44.png>
Package pdftex.def Info: DE-ch4-wave1-44.png  used on input line 3635.
(pdftex.def)             Requested size: 435.62643pt x 146.54712pt.
 <./DE-ch4-wave1-44.png> <a0,fr43>
<DE-ch4-wave1-45.png, id=1317, 435.6275pt x 146.5475pt>
File: DE-ch4-wave1-45.png Graphic file (type png)
<use DE-ch4-wave1-45.png>
Package pdftex.def Info: DE-ch4-wave1-45.png  used on input line 3635.
(pdftex.def)             Requested size: 435.62643pt x 146.54712pt.
 <./DE-ch4-wave1-45.png> <a0,fr44>
<DE-ch4-wave1-46.png, id=1321, 435.6275pt x 146.5475pt>
File: DE-ch4-wave1-46.png Graphic file (type png)
<use DE-ch4-wave1-46.png>
Package pdftex.def Info: DE-ch4-wave1-46.png  used on input line 3635.
(pdftex.def)             Requested size: 435.62643pt x 146.54712pt.
 <./DE-ch4-wave1-46.png> <a0,fr45>
<DE-ch4-wave1-47.png, id=1325, 435.6275pt x 146.5475pt>
File: DE-ch4-wave1-47.png Graphic file (type png)
<use DE-ch4-wave1-47.png>
Package pdftex.def Info: DE-ch4-wave1-47.png  used on input line 3635.
(pdftex.def)             Requested size: 435.62643pt x 146.54712pt.
 <./DE-ch4-wave1-47.png> <a0,fr46>
<DE-ch4-wave1-48.png, id=1329, 435.6275pt x 146.5475pt>
File: DE-ch4-wave1-48.png Graphic file (type png)
<use DE-ch4-wave1-48.png>
Package pdftex.def Info: DE-ch4-wave1-48.png  used on input line 3635.
(pdftex.def)             Requested size: 435.62643pt x 146.54712pt.
 <./DE-ch4-wave1-48.png> <a0,fr47>
<DE-ch4-wave1-49.png, id=1333, 435.6275pt x 146.5475pt>
File: DE-ch4-wave1-49.png Graphic file (type png)
<use DE-ch4-wave1-49.png>
Package pdftex.def Info: DE-ch4-wave1-49.png  used on input line 3635.
(pdftex.def)             Requested size: 435.62643pt x 146.54712pt.
 <./DE-ch4-wave1-49.png> <a0,fr48>
<DE-ch4-wave1-50.png, id=1337, 435.6275pt x 146.5475pt>
File: DE-ch4-wave1-50.png Graphic file (type png)
<use DE-ch4-wave1-50.png>
Package pdftex.def Info: DE-ch4-wave1-50.png  used on input line 3635.
(pdftex.def)             Requested size: 435.62643pt x 146.54712pt.
 <./DE-ch4-wave1-50.png> <a0,fr49>
<DE-ch4-wave1-51.png, id=1341, 435.6275pt x 146.5475pt>
File: DE-ch4-wave1-51.png Graphic file (type png)
<use DE-ch4-wave1-51.png>
Package pdftex.def Info: DE-ch4-wave1-51.png  used on input line 3635.
(pdftex.def)             Requested size: 435.62643pt x 146.54712pt.
 <./DE-ch4-wave1-51.png> <a0,fr50>
<DE-ch4-wave1-52.png, id=1345, 435.6275pt x 146.5475pt>
File: DE-ch4-wave1-52.png Graphic file (type png)
<use DE-ch4-wave1-52.png>
Package pdftex.def Info: DE-ch4-wave1-52.png  used on input line 3635.
(pdftex.def)             Requested size: 435.62643pt x 146.54712pt.
 <./DE-ch4-wave1-52.png> <a0,fr51>
<DE-ch4-wave1-53.png, id=1349, 435.6275pt x 146.5475pt>
File: DE-ch4-wave1-53.png Graphic file (type png)
<use DE-ch4-wave1-53.png>
Package pdftex.def Info: DE-ch4-wave1-53.png  used on input line 3635.
(pdftex.def)             Requested size: 435.62643pt x 146.54712pt.
 <./DE-ch4-wave1-53.png> <a0,fr52>
<DE-ch4-wave1-54.png, id=1353, 435.6275pt x 146.5475pt>
File: DE-ch4-wave1-54.png Graphic file (type png)
<use DE-ch4-wave1-54.png>
Package pdftex.def Info: DE-ch4-wave1-54.png  used on input line 3635.
(pdftex.def)             Requested size: 435.62643pt x 146.54712pt.
 <./DE-ch4-wave1-54.png> <a0,fr53>
<DE-ch4-wave1-55.png, id=1357, 435.6275pt x 146.5475pt>
File: DE-ch4-wave1-55.png Graphic file (type png)
<use DE-ch4-wave1-55.png>
Package pdftex.def Info: DE-ch4-wave1-55.png  used on input line 3635.
(pdftex.def)             Requested size: 435.62643pt x 146.54712pt.
 <./DE-ch4-wave1-55.png> <a0,fr54>
<DE-ch4-wave1-56.png, id=1361, 435.6275pt x 146.5475pt>
File: DE-ch4-wave1-56.png Graphic file (type png)
<use DE-ch4-wave1-56.png>
Package pdftex.def Info: DE-ch4-wave1-56.png  used on input line 3635.
(pdftex.def)             Requested size: 435.62643pt x 146.54712pt.
 <./DE-ch4-wave1-56.png> <a0,fr55>
<DE-ch4-wave1-57.png, id=1365, 435.6275pt x 146.5475pt>
File: DE-ch4-wave1-57.png Graphic file (type png)
<use DE-ch4-wave1-57.png>
Package pdftex.def Info: DE-ch4-wave1-57.png  used on input line 3635.
(pdftex.def)             Requested size: 435.62643pt x 146.54712pt.
 <./DE-ch4-wave1-57.png> <a0,fr56>
<DE-ch4-wave1-58.png, id=1369, 435.6275pt x 146.5475pt>
File: DE-ch4-wave1-58.png Graphic file (type png)
<use DE-ch4-wave1-58.png>
Package pdftex.def Info: DE-ch4-wave1-58.png  used on input line 3635.
(pdftex.def)             Requested size: 435.62643pt x 146.54712pt.
 <./DE-ch4-wave1-58.png> <a0,fr57>
<DE-ch4-wave1-59.png, id=1373, 435.6275pt x 146.5475pt>
File: DE-ch4-wave1-59.png Graphic file (type png)
<use DE-ch4-wave1-59.png>
Package pdftex.def Info: DE-ch4-wave1-59.png  used on input line 3635.
(pdftex.def)             Requested size: 435.62643pt x 146.54712pt.
 <./DE-ch4-wave1-59.png> <a0,fr58>
Underfull \hbox (badness 10000) in paragraph at lines 3633--3637

 []


Underfull \hbox (badness 10000) in paragraph at lines 3638--3642

 []


Underfull \hbox (badness 10000) in paragraph at lines 3638--3642

 []



[112]
<DE-ch4-wave2.jpg, id=1473, 1279.78125pt x 810.02625pt>
File: DE-ch4-wave2.jpg Graphic file (type jpg)
<use DE-ch4-wave2.jpg>
Package pdftex.def Info: DE-ch4-wave2.jpg  used on input line 3645.
(pdftex.def)             Requested size: 284.52756pt x 180.08504pt.

Underfull \hbox (badness 10000) in paragraph at lines 3650--3653

 []



[113 <./DE-ch4-wave2.jpg>]
<DE-ch4-wave3.jpg, id=1484, 1582.91376pt x 716.6775pt>
File: DE-ch4-wave3.jpg Graphic file (type jpg)
<use DE-ch4-wave3.jpg>
Package pdftex.def Info: DE-ch4-wave3.jpg  used on input line 3664.
(pdftex.def)             Requested size: 341.43306pt x 154.5857pt.

Underfull \hbox (badness 10000) in paragraph at lines 3694--3697

 []



[114 <./DE-ch4-wave3.jpg>]
Underfull \hbox (badness 10000) in paragraph at lines 3718--3721

 []

<DE-ch4-heat1.jpg, id=1490, 1520.68124pt x 845.1575pt>
File: DE-ch4-heat1.jpg Graphic file (type jpg)
<use DE-ch4-heat1.jpg>
Package pdftex.def Info: DE-ch4-heat1.jpg  used on input line 3731.
(pdftex.def)             Requested size: 284.52756pt x 158.13135pt.
<DE-ch4-heat2.jpg, id=1491, 867.24pt x 631.35875pt>
File: DE-ch4-heat2.jpg Graphic file (type jpg)
<use DE-ch4-heat2.jpg>
Package pdftex.def Info: DE-ch4-heat2.jpg  used on input line 3736.
(pdftex.def)             Requested size: 227.62204pt x 165.71007pt.


[115]

[116 <./DE-ch4-heat1.jpg> <./DE-ch4-heat2.jpg>]
<DE-ch4-heat3.jpg, id=1503, 1448.41125pt x 747.79375pt>
File: DE-ch4-heat3.jpg Graphic file (type jpg)
<use DE-ch4-heat3.jpg>
Package pdftex.def Info: DE-ch4-heat3.jpg  used on input line 3742.
(pdftex.def)             Requested size: 284.52756pt x 146.89748pt.
<DE-ch4-heat4.jpg, id=1504, 732.7375pt x 635.37375pt>
File: DE-ch4-heat4.jpg Graphic file (type jpg)
<use DE-ch4-heat4.jpg>
Package pdftex.def Info: DE-ch4-heat4.jpg  used on input line 3747.
(pdftex.def)             Requested size: 227.62204pt x 197.37102pt.

Underfull \hbox (badness 10000) in paragraph at lines 3757--3759

 []


Underfull \hbox (badness 10000) in paragraph at lines 3757--3759

 []



[117 <./DE-ch4-heat3.jpg> <./DE-ch4-heat4.jpg>]

[118] (Differential equations.aux)
 ***********
LaTeX2e <2024-06-01> patch level 1
L3 programming layer <2024-05-27>
 ***********
Package rerunfilecheck Info: File `"Differential equations".out' has not changed.
(rerunfilecheck)             Checksum: B7895E0B075E0ED065E8AAA8DD980948;10741.
 ) 
Here is how much of TeX's memory you used:
 26184 strings out of 473920
 506332 string characters out of 5726974
 1948908 words of memory out of 5000000
 48189 multiletter control sequences out of 15000+600000
 567611 words of font info for 73 fonts, out of 8000000 for 9000
 1141 hyphenation exceptions out of 8191
 83i,15n,87p,1244b,606s stack positions out of 10000i,1000n,20000p,200000b,200000s

pdfTeX warning (dest): name{https://math.stackexchange.com/questions/1812922/help-visualizing-solutions-to-the-1d-wave-equation} has been referenced but does not exist, replaced by a fixed one

<C:/Users/turbo/AppData/Local/Programs/MiKTeX/fonts/type1/public/amsfonts/cm/cmbx10.pfb><C:/Users/turbo/AppData/Local/Programs/MiKTeX/fonts/type1/public/amsfonts/cm/cmbx12.pfb><C:/Users/turbo/AppData/Local/Programs/MiKTeX/fonts/type1/public/amsfonts/cm/cmbx7.pfb><C:/Users/turbo/AppData/Local/Programs/MiKTeX/fonts/type1/public/amsfonts/cm/cmex10.pfb><C:/Users/turbo/AppData/Local/Programs/MiKTeX/fonts/type1/public/amsfonts/cmextra/cmex7.pfb><C:/Users/turbo/AppData/Local/Programs/MiKTeX/fonts/type1/public/amsfonts/cm/cmmi10.pfb><C:/Users/turbo/AppData/Local/Programs/MiKTeX/fonts/type1/public/amsfonts/cm/cmmi5.pfb><C:/Users/turbo/AppData/Local/Programs/MiKTeX/fonts/type1/public/amsfonts/cm/cmmi7.pfb><C:/Users/turbo/AppData/Local/Programs/MiKTeX/fonts/type1/public/amsfonts/cm/cmr10.pfb><C:/Users/turbo/AppData/Local/Programs/MiKTeX/fonts/type1/public/amsfonts/cm/cmr12.pfb><C:/Users/turbo/AppData/Local/Programs/MiKTeX/fonts/type1/public/amsfonts/cm/cmr5.pfb><C:/Users/turbo/AppData/Local/Programs/MiKTeX/fonts/type1/public/amsfonts/cm/cmr7.pfb><C:/Users/turbo/AppData/Local/Programs/MiKTeX/fonts/type1/public/amsfonts/cm/cmsy10.pfb><C:/Users/turbo/AppData/Local/Programs/MiKTeX/fonts/type1/public/amsfonts/cm/cmsy5.pfb><C:/Users/turbo/AppData/Local/Programs/MiKTeX/fonts/type1/public/amsfonts/cm/cmsy7.pfb><C:/Users/turbo/AppData/Local/Programs/MiKTeX/fonts/type1/public/amsfonts/cm/cmti10.pfb><C:/Users/turbo/AppData/Local/Programs/MiKTeX/fonts/type1/public/amsfonts/symbols/msam10.pfb><C:/Users/turbo/AppData/Local/Programs/MiKTeX/fonts/type1/public/amsfonts/symbols/msbm10.pfb>
Output written on "Differential equations.pdf" (118 pages, 3660861 bytes).
PDF statistics:
 1681 PDF objects out of 1728 (max. 8388607)
 420 named destinations out of 1000 (max. 500000)
 1326 words of extra memory for PDF output out of 10000 (max. 10000000)

